[2026-04-25T23:40:10.924+0000] {taskinstance.py:1956} INFO - Dependencies all met for dep_context=non-requeueable deps ti=<TaskInstance: f1_bigdata_pipeline.spark_silver_transform manual__2026-04-25T23:39:37.705543+00:00 [queued]>
[2026-04-25T23:40:10.927+0000] {taskinstance.py:1956} INFO - Dependencies all met for dep_context=requeueable deps ti=<TaskInstance: f1_bigdata_pipeline.spark_silver_transform manual__2026-04-25T23:39:37.705543+00:00 [queued]>
[2026-04-25T23:40:10.927+0000] {taskinstance.py:2170} INFO - Starting attempt 1 of 3
[2026-04-25T23:40:10.931+0000] {taskinstance.py:2191} INFO - Executing <Task(BashOperator): spark_silver_transform> on 2026-04-25 23:39:37.705543+00:00
[2026-04-25T23:40:10.933+0000] {standard_task_runner.py:60} INFO - Started process 411 to run task
[2026-04-25T23:40:10.935+0000] {standard_task_runner.py:87} INFO - Running: ['airflow', 'tasks', 'run', 'f1_bigdata_pipeline', 'spark_silver_transform', 'manual__2026-04-25T23:39:37.705543+00:00', '--job-id', '42', '--raw', '--subdir', 'DAGS_FOLDER/f1_pipeline_dag.py', '--cfg-path', '/tmp/tmp_i94vnfv']
[2026-04-25T23:40:10.936+0000] {standard_task_runner.py:88} INFO - Job 42: Subtask spark_silver_transform
[2026-04-25T23:40:10.957+0000] {task_command.py:423} INFO - Running <TaskInstance: f1_bigdata_pipeline.spark_silver_transform manual__2026-04-25T23:39:37.705543+00:00 [running]> on host 6879df3dac39
[2026-04-25T23:40:10.988+0000] {taskinstance.py:2480} INFO - Exporting env vars: AIRFLOW_CTX_DAG_OWNER='f1_bigdata' AIRFLOW_CTX_DAG_ID='f1_bigdata_pipeline' AIRFLOW_CTX_TASK_ID='spark_silver_transform' AIRFLOW_CTX_EXECUTION_DATE='2026-04-25T23:39:37.705543+00:00' AIRFLOW_CTX_TRY_NUMBER='1' AIRFLOW_CTX_DAG_RUN_ID='manual__2026-04-25T23:39:37.705543+00:00'
[2026-04-25T23:40:10.989+0000] {subprocess.py:63} INFO - Tmp dir root location: /tmp
[2026-04-25T23:40:10.989+0000] {subprocess.py:75} INFO - Running command: ['/usr/bin/bash', '-c', '\n        docker exec f1_spark_master /opt/spark/bin/spark-submit             --master spark://spark-master:7077             --driver-memory 1g             --executor-memory 1g             /opt/spark-jobs/spark_silver.py\n    ']
[2026-04-25T23:40:10.993+0000] {subprocess.py:86} INFO - Output:
[2026-04-25T23:40:12.776+0000] {subprocess.py:93} INFO - 26/04/25 23:40:12 INFO SparkContext: Running Spark version 3.5.1
[2026-04-25T23:40:12.779+0000] {subprocess.py:93} INFO - 26/04/25 23:40:12 INFO SparkContext: OS info Linux, 6.6.32-linuxkit, aarch64
[2026-04-25T23:40:12.779+0000] {subprocess.py:93} INFO - 26/04/25 23:40:12 INFO SparkContext: Java version 11.0.22
[2026-04-25T23:40:12.811+0000] {subprocess.py:93} INFO - 26/04/25 23:40:12 WARN NativeCodeLoader: Unable to load native-hadoop library for your platform... using builtin-java classes where applicable
[2026-04-25T23:40:12.858+0000] {subprocess.py:93} INFO - 26/04/25 23:40:12 INFO ResourceUtils: ==============================================================
[2026-04-25T23:40:12.859+0000] {subprocess.py:93} INFO - 26/04/25 23:40:12 INFO ResourceUtils: No custom resources configured for spark.driver.
[2026-04-25T23:40:12.859+0000] {subprocess.py:93} INFO - 26/04/25 23:40:12 INFO ResourceUtils: ==============================================================
[2026-04-25T23:40:12.860+0000] {subprocess.py:93} INFO - 26/04/25 23:40:12 INFO SparkContext: Submitted application: F1_BigData_Silver
[2026-04-25T23:40:12.871+0000] {subprocess.py:93} INFO - 26/04/25 23:40:12 INFO ResourceProfile: Default ResourceProfile created, executor resources: Map(memory -> name: memory, amount: 1024, script: , vendor: , offHeap -> name: offHeap, amount: 0, script: , vendor: ), task resources: Map(cpus -> name: cpus, amount: 1.0)
[2026-04-25T23:40:12.876+0000] {subprocess.py:93} INFO - 26/04/25 23:40:12 INFO ResourceProfile: Limiting resource is cpu
[2026-04-25T23:40:12.877+0000] {subprocess.py:93} INFO - 26/04/25 23:40:12 INFO ResourceProfileManager: Added ResourceProfile id: 0
[2026-04-25T23:40:12.927+0000] {subprocess.py:93} INFO - 26/04/25 23:40:12 INFO SecurityManager: Changing view acls to: spark
[2026-04-25T23:40:12.928+0000] {subprocess.py:93} INFO - 26/04/25 23:40:12 INFO SecurityManager: Changing modify acls to: spark
[2026-04-25T23:40:12.929+0000] {subprocess.py:93} INFO - 26/04/25 23:40:12 INFO SecurityManager: Changing view acls groups to:
[2026-04-25T23:40:12.929+0000] {subprocess.py:93} INFO - 26/04/25 23:40:12 INFO SecurityManager: Changing modify acls groups to:
[2026-04-25T23:40:12.929+0000] {subprocess.py:93} INFO - 26/04/25 23:40:12 INFO SecurityManager: SecurityManager: authentication disabled; ui acls disabled; users with view permissions: spark; groups with view permissions: EMPTY; users with modify permissions: spark; groups with modify permissions: EMPTY
[2026-04-25T23:40:13.062+0000] {subprocess.py:93} INFO - 26/04/25 23:40:13 INFO Utils: Successfully started service 'sparkDriver' on port 42107.
[2026-04-25T23:40:13.091+0000] {subprocess.py:93} INFO - 26/04/25 23:40:13 INFO SparkEnv: Registering MapOutputTracker
[2026-04-25T23:40:13.117+0000] {subprocess.py:93} INFO - 26/04/25 23:40:13 INFO SparkEnv: Registering BlockManagerMaster
[2026-04-25T23:40:13.128+0000] {subprocess.py:93} INFO - 26/04/25 23:40:13 INFO BlockManagerMasterEndpoint: Using org.apache.spark.storage.DefaultTopologyMapper for getting topology information
[2026-04-25T23:40:13.128+0000] {subprocess.py:93} INFO - 26/04/25 23:40:13 INFO BlockManagerMasterEndpoint: BlockManagerMasterEndpoint up
[2026-04-25T23:40:13.130+0000] {subprocess.py:93} INFO - 26/04/25 23:40:13 INFO SparkEnv: Registering BlockManagerMasterHeartbeat
[2026-04-25T23:40:13.146+0000] {subprocess.py:93} INFO - 26/04/25 23:40:13 INFO DiskBlockManager: Created local directory at /tmp/blockmgr-9ddf0cbb-5d39-48d2-bb09-553b98052353
[2026-04-25T23:40:13.155+0000] {subprocess.py:93} INFO - 26/04/25 23:40:13 INFO MemoryStore: MemoryStore started with capacity 434.4 MiB
[2026-04-25T23:40:13.165+0000] {subprocess.py:93} INFO - 26/04/25 23:40:13 INFO SparkEnv: Registering OutputCommitCoordinator
[2026-04-25T23:40:13.254+0000] {subprocess.py:93} INFO - 26/04/25 23:40:13 INFO JettyUtils: Start Jetty 0.0.0.0:4040 for SparkUI
[2026-04-25T23:40:13.300+0000] {subprocess.py:93} INFO - 26/04/25 23:40:13 INFO Utils: Successfully started service 'SparkUI' on port 4040.
[2026-04-25T23:40:13.379+0000] {subprocess.py:93} INFO - 26/04/25 23:40:13 INFO StandaloneAppClient$ClientEndpoint: Connecting to master spark://spark-master:7077...
[2026-04-25T23:40:13.423+0000] {subprocess.py:93} INFO - 26/04/25 23:40:13 INFO TransportClientFactory: Successfully created connection to spark-master/172.20.0.3:7077 after 22 ms (0 ms spent in bootstraps)
[2026-04-25T23:40:13.662+0000] {subprocess.py:93} INFO - 26/04/25 23:40:13 INFO StandaloneSchedulerBackend: Connected to Spark cluster with app ID app-20260425234013-0000
[2026-04-25T23:40:13.668+0000] {subprocess.py:93} INFO - 26/04/25 23:40:13 INFO Utils: Successfully started service 'org.apache.spark.network.netty.NettyBlockTransferService' on port 42361.
[2026-04-25T23:40:13.668+0000] {subprocess.py:93} INFO - 26/04/25 23:40:13 INFO NettyBlockTransferService: Server created on e8718f0f08fc:42361
[2026-04-25T23:40:13.669+0000] {subprocess.py:93} INFO - 26/04/25 23:40:13 INFO BlockManager: Using org.apache.spark.storage.RandomBlockReplicationPolicy for block replication policy
[2026-04-25T23:40:13.674+0000] {subprocess.py:93} INFO - 26/04/25 23:40:13 INFO BlockManagerMaster: Registering BlockManager BlockManagerId(driver, e8718f0f08fc, 42361, None)
[2026-04-25T23:40:13.678+0000] {subprocess.py:93} INFO - 26/04/25 23:40:13 INFO BlockManagerMasterEndpoint: Registering block manager e8718f0f08fc:42361 with 434.4 MiB RAM, BlockManagerId(driver, e8718f0f08fc, 42361, None)
[2026-04-25T23:40:13.679+0000] {subprocess.py:93} INFO - 26/04/25 23:40:13 INFO StandaloneAppClient$ClientEndpoint: Executor added: app-20260425234013-0000/0 on worker-20260425225748-172.20.0.4-41817 (172.20.0.4:41817) with 2 core(s)
[2026-04-25T23:40:13.680+0000] {subprocess.py:93} INFO - 26/04/25 23:40:13 INFO BlockManagerMaster: Registered BlockManager BlockManagerId(driver, e8718f0f08fc, 42361, None)
[2026-04-25T23:40:13.681+0000] {subprocess.py:93} INFO - 26/04/25 23:40:13 INFO StandaloneSchedulerBackend: Granted executor ID app-20260425234013-0000/0 on hostPort 172.20.0.4:41817 with 2 core(s), 1024.0 MiB RAM
[2026-04-25T23:40:13.681+0000] {subprocess.py:93} INFO - 26/04/25 23:40:13 INFO BlockManager: Initialized BlockManager: BlockManagerId(driver, e8718f0f08fc, 42361, None)
[2026-04-25T23:40:13.683+0000] {subprocess.py:93} INFO - 26/04/25 23:40:13 INFO StandaloneAppClient$ClientEndpoint: Executor added: app-20260425234013-0000/1 on worker-20260425225748-172.20.0.5-43233 (172.20.0.5:43233) with 2 core(s)
[2026-04-25T23:40:13.684+0000] {subprocess.py:93} INFO - 26/04/25 23:40:13 INFO StandaloneSchedulerBackend: Granted executor ID app-20260425234013-0000/1 on hostPort 172.20.0.5:43233 with 2 core(s), 1024.0 MiB RAM
[2026-04-25T23:40:13.856+0000] {subprocess.py:93} INFO - 26/04/25 23:40:13 INFO StandaloneSchedulerBackend: SchedulerBackend is ready for scheduling beginning after reached minRegisteredResourcesRatio: 0.0
[2026-04-25T23:40:14.154+0000] {subprocess.py:93} INFO - F1 Big Data — Spark Silver Transform
[2026-04-25T23:40:14.156+0000] {subprocess.py:93} INFO - ============================================================
[2026-04-25T23:40:14.156+0000] {subprocess.py:93} INFO - ============================================================
[2026-04-25T23:40:14.157+0000] {subprocess.py:93} INFO - SILVER: Race Results
[2026-04-25T23:40:14.157+0000] {subprocess.py:93} INFO - ============================================================
[2026-04-25T23:40:23.257+0000] {subprocess.py:93} INFO - Read 3524 raw rows
[2026-04-25T23:40:23.850+0000] {subprocess.py:93} INFO - 26/04/25 23:40:23 WARN SparkStringUtils: Truncated the string representation of a plan since it was too large. This behavior can be adjusted by setting 'spark.sql.debug.maxToStringFields'.
[2026-04-25T23:40:28.260+0000] {subprocess.py:93} INFO - ✓ Silver race_results: 3524 rows
[2026-04-25T23:40:28.263+0000] {subprocess.py:93} INFO - ============================================================
[2026-04-25T23:40:28.264+0000] {subprocess.py:93} INFO - SILVER: Qualifying
[2026-04-25T23:40:28.264+0000] {subprocess.py:93} INFO - ============================================================
[2026-04-25T23:40:31.837+0000] {subprocess.py:93} INFO - ✓ Silver qualifying: 3518 rows
[2026-04-25T23:40:31.841+0000] {subprocess.py:93} INFO - ============================================================
[2026-04-25T23:40:31.841+0000] {subprocess.py:93} INFO - SILVER: Pit Stops
[2026-04-25T23:40:31.842+0000] {subprocess.py:93} INFO - ============================================================
[2026-04-25T23:40:34.902+0000] {subprocess.py:93} INFO - ✓ Silver pit_stops: 5674 rows
[2026-04-25T23:40:34.905+0000] {subprocess.py:93} INFO - ============================================================
[2026-04-25T23:40:34.905+0000] {subprocess.py:93} INFO - SILVER: Laps
[2026-04-25T23:40:34.910+0000] {subprocess.py:93} INFO - ============================================================
[2026-04-25T23:42:57.511+0000] {subprocess.py:93} INFO - 26/04/25 23:42:57 WARN DAGScheduler: Broadcasting large task binary with size 6.9 MiB
[2026-04-25T23:44:23.234+0000] {subprocess.py:93} INFO - 26/04/25 23:44:23 ERROR TaskSchedulerImpl: Lost executor 1 on 172.20.0.5: worker lost: Not receiving heartbeat for 60 seconds
[2026-04-25T23:44:24.495+0000] {subprocess.py:93} INFO - 26/04/25 23:44:24 ERROR TaskSchedulerImpl: Lost executor 0 on 172.20.0.4: worker lost: Not receiving heartbeat for 60 seconds
[2026-04-25T23:44:24.639+0000] {subprocess.py:93} INFO - 26/04/25 23:44:24 ERROR TaskSchedulerImpl: Ignoring update with state FINISHED for TID 327 because its task set is gone (this is likely the result of receiving duplicate task finished status updates) or its executor has been marked as failed.
[2026-04-25T23:44:24.681+0000] {subprocess.py:93} INFO - 26/04/25 23:44:24 WARN StandaloneSchedulerBackend$StandaloneDriverEndpoint: Ignored task status update (327 state FINISHED) from unknown executor with ID 0
[2026-04-25T23:44:24.688+0000] {subprocess.py:93} INFO - 26/04/25 23:44:24 ERROR TaskSchedulerImpl: Ignoring update with state FINISHED for TID 326 because its task set is gone (this is likely the result of receiving duplicate task finished status updates) or its executor has been marked as failed.
[2026-04-25T23:44:24.698+0000] {subprocess.py:93} INFO - 26/04/25 23:44:24 WARN StandaloneSchedulerBackend$StandaloneDriverEndpoint: Ignored task status update (326 state FINISHED) from unknown executor with ID 0
[2026-04-25T23:44:24.701+0000] {subprocess.py:93} INFO - 26/04/25 23:44:24 ERROR TaskSchedulerImpl: Ignoring update with state FINISHED for TID 324 because its task set is gone (this is likely the result of receiving duplicate task finished status updates) or its executor has been marked as failed.
[2026-04-25T23:44:24.701+0000] {subprocess.py:93} INFO - 26/04/25 23:44:24 WARN StandaloneSchedulerBackend$StandaloneDriverEndpoint: Ignored task status update (324 state FINISHED) from unknown executor with ID 1
[2026-04-25T23:44:24.704+0000] {subprocess.py:93} INFO - 26/04/25 23:44:24 ERROR TaskSchedulerImpl: Ignoring update with state FINISHED for TID 325 because its task set is gone (this is likely the result of receiving duplicate task finished status updates) or its executor has been marked as failed.
[2026-04-25T23:44:24.704+0000] {subprocess.py:93} INFO - 26/04/25 23:44:24 WARN StandaloneSchedulerBackend$StandaloneDriverEndpoint: Ignored task status update (325 state FINISHED) from unknown executor with ID 1
[2026-04-25T23:45:53.122+0000] {subprocess.py:93} INFO - 26/04/25 23:45:53 WARN DAGScheduler: Broadcasting large task binary with size 3.5 MiB
[2026-04-25T23:46:03.428+0000] {subprocess.py:93} INFO - 26/04/25 23:46:03 WARN DAGScheduler: Broadcasting large task binary with size 3.8 MiB
[2026-04-25T23:46:21.180+0000] {subprocess.py:93} INFO - 26/04/25 23:46:21 WARN DAGScheduler: Broadcasting large task binary with size 1632.1 KiB
[2026-04-25T23:46:40.750+0000] {subprocess.py:93} INFO - ✓ Silver laps: 181721 rows
[2026-04-25T23:46:40.760+0000] {subprocess.py:93} INFO - ============================================================
[2026-04-25T23:46:40.761+0000] {subprocess.py:93} INFO - SILVER: Race Master (Joined)
[2026-04-25T23:46:40.761+0000] {subprocess.py:93} INFO - ============================================================
[2026-04-25T23:46:44.078+0000] {subprocess.py:93} INFO - ✓ Silver race_master: 3524 rows, 32 columns
[2026-04-25T23:46:44.082+0000] {subprocess.py:93} INFO - 
[2026-04-25T23:46:44.082+0000] {subprocess.py:93} INFO - Spark Silver layer complete!
[2026-04-25T23:46:45.375+0000] {subprocess.py:97} INFO - Command exited with return code 0
[2026-04-25T23:46:45.734+0000] {taskinstance.py:1138} INFO - Marking task as SUCCESS. dag_id=f1_bigdata_pipeline, task_id=spark_silver_transform, execution_date=20260425T233937, start_date=20260425T234010, end_date=20260425T234645
[2026-04-25T23:46:45.862+0000] {local_task_job_runner.py:234} INFO - Task exited with return code 0
[2026-04-25T23:46:45.995+0000] {taskinstance.py:3280} INFO - 1 downstream tasks scheduled from follow-on schedule check
