[2026-04-27T07:05:13.393+0000] {taskinstance.py:1956} INFO - Dependencies all met for dep_context=non-requeueable deps ti=<TaskInstance: f1_bigdata_pipeline.spark_silver_transform scheduled__2026-04-20T06:00:00+00:00 [queued]>
[2026-04-27T07:05:13.396+0000] {taskinstance.py:1956} INFO - Dependencies all met for dep_context=requeueable deps ti=<TaskInstance: f1_bigdata_pipeline.spark_silver_transform scheduled__2026-04-20T06:00:00+00:00 [queued]>
[2026-04-27T07:05:13.396+0000] {taskinstance.py:2170} INFO - Starting attempt 1 of 3
[2026-04-27T07:05:13.400+0000] {taskinstance.py:2191} INFO - Executing <Task(BashOperator): spark_silver_transform> on 2026-04-20 06:00:00+00:00
[2026-04-27T07:05:13.403+0000] {standard_task_runner.py:60} INFO - Started process 10391 to run task
[2026-04-27T07:05:13.405+0000] {standard_task_runner.py:87} INFO - Running: ['airflow', 'tasks', 'run', 'f1_bigdata_pipeline', 'spark_silver_transform', 'scheduled__2026-04-20T06:00:00+00:00', '--job-id', '47', '--raw', '--subdir', 'DAGS_FOLDER/f1_pipeline_dag.py', '--cfg-path', '/tmp/tmp5y_oq4zm']
[2026-04-27T07:05:13.406+0000] {standard_task_runner.py:88} INFO - Job 47: Subtask spark_silver_transform
[2026-04-27T07:05:13.426+0000] {task_command.py:423} INFO - Running <TaskInstance: f1_bigdata_pipeline.spark_silver_transform scheduled__2026-04-20T06:00:00+00:00 [running]> on host 6879df3dac39
[2026-04-27T07:05:13.462+0000] {taskinstance.py:2480} INFO - Exporting env vars: AIRFLOW_CTX_DAG_OWNER='f1_bigdata' AIRFLOW_CTX_DAG_ID='f1_bigdata_pipeline' AIRFLOW_CTX_TASK_ID='spark_silver_transform' AIRFLOW_CTX_EXECUTION_DATE='2026-04-20T06:00:00+00:00' AIRFLOW_CTX_TRY_NUMBER='1' AIRFLOW_CTX_DAG_RUN_ID='scheduled__2026-04-20T06:00:00+00:00'
[2026-04-27T07:05:13.463+0000] {subprocess.py:63} INFO - Tmp dir root location: /tmp
[2026-04-27T07:05:13.463+0000] {subprocess.py:75} INFO - Running command: ['/usr/bin/bash', '-c', '\n        docker exec f1_spark_master /opt/spark/bin/spark-submit             --master spark://spark-master:7077             --driver-memory 1g             --executor-memory 1g             /opt/spark-jobs/spark_silver.py\n    ']
[2026-04-27T07:05:13.468+0000] {subprocess.py:86} INFO - Output:
[2026-04-27T07:05:15.332+0000] {subprocess.py:93} INFO - 26/04/27 07:05:15 INFO SparkContext: Running Spark version 3.5.1
[2026-04-27T07:05:15.335+0000] {subprocess.py:93} INFO - 26/04/27 07:05:15 INFO SparkContext: OS info Linux, 6.6.32-linuxkit, aarch64
[2026-04-27T07:05:15.335+0000] {subprocess.py:93} INFO - 26/04/27 07:05:15 INFO SparkContext: Java version 11.0.22
[2026-04-27T07:05:15.364+0000] {subprocess.py:93} INFO - 26/04/27 07:05:15 WARN NativeCodeLoader: Unable to load native-hadoop library for your platform... using builtin-java classes where applicable
[2026-04-27T07:05:15.412+0000] {subprocess.py:93} INFO - 26/04/27 07:05:15 INFO ResourceUtils: ==============================================================
[2026-04-27T07:05:15.412+0000] {subprocess.py:93} INFO - 26/04/27 07:05:15 INFO ResourceUtils: No custom resources configured for spark.driver.
[2026-04-27T07:05:15.413+0000] {subprocess.py:93} INFO - 26/04/27 07:05:15 INFO ResourceUtils: ==============================================================
[2026-04-27T07:05:15.413+0000] {subprocess.py:93} INFO - 26/04/27 07:05:15 INFO SparkContext: Submitted application: F1_BigData_Silver
[2026-04-27T07:05:15.421+0000] {subprocess.py:93} INFO - 26/04/27 07:05:15 INFO ResourceProfile: Default ResourceProfile created, executor resources: Map(memory -> name: memory, amount: 1024, script: , vendor: , offHeap -> name: offHeap, amount: 0, script: , vendor: ), task resources: Map(cpus -> name: cpus, amount: 1.0)
[2026-04-27T07:05:15.426+0000] {subprocess.py:93} INFO - 26/04/27 07:05:15 INFO ResourceProfile: Limiting resource is cpu
[2026-04-27T07:05:15.428+0000] {subprocess.py:93} INFO - 26/04/27 07:05:15 INFO ResourceProfileManager: Added ResourceProfile id: 0
[2026-04-27T07:05:15.457+0000] {subprocess.py:93} INFO - 26/04/27 07:05:15 INFO SecurityManager: Changing view acls to: spark
[2026-04-27T07:05:15.458+0000] {subprocess.py:93} INFO - 26/04/27 07:05:15 INFO SecurityManager: Changing modify acls to: spark
[2026-04-27T07:05:15.458+0000] {subprocess.py:93} INFO - 26/04/27 07:05:15 INFO SecurityManager: Changing view acls groups to:
[2026-04-27T07:05:15.458+0000] {subprocess.py:93} INFO - 26/04/27 07:05:15 INFO SecurityManager: Changing modify acls groups to:
[2026-04-27T07:05:15.458+0000] {subprocess.py:93} INFO - 26/04/27 07:05:15 INFO SecurityManager: SecurityManager: authentication disabled; ui acls disabled; users with view permissions: spark; groups with view permissions: EMPTY; users with modify permissions: spark; groups with modify permissions: EMPTY
[2026-04-27T07:05:15.995+0000] {subprocess.py:93} INFO - 26/04/27 07:05:15 INFO Utils: Successfully started service 'sparkDriver' on port 45683.
[2026-04-27T07:05:16.057+0000] {subprocess.py:93} INFO - 26/04/27 07:05:16 INFO SparkEnv: Registering MapOutputTracker
[2026-04-27T07:05:16.086+0000] {subprocess.py:93} INFO - 26/04/27 07:05:16 INFO SparkEnv: Registering BlockManagerMaster
[2026-04-27T07:05:16.095+0000] {subprocess.py:93} INFO - 26/04/27 07:05:16 INFO BlockManagerMasterEndpoint: Using org.apache.spark.storage.DefaultTopologyMapper for getting topology information
[2026-04-27T07:05:16.095+0000] {subprocess.py:93} INFO - 26/04/27 07:05:16 INFO BlockManagerMasterEndpoint: BlockManagerMasterEndpoint up
[2026-04-27T07:05:16.108+0000] {subprocess.py:93} INFO - 26/04/27 07:05:16 INFO SparkEnv: Registering BlockManagerMasterHeartbeat
[2026-04-27T07:05:16.122+0000] {subprocess.py:93} INFO - 26/04/27 07:05:16 INFO DiskBlockManager: Created local directory at /tmp/blockmgr-7116131d-e9a8-4efd-8648-f0f198ae2839
[2026-04-27T07:05:16.129+0000] {subprocess.py:93} INFO - 26/04/27 07:05:16 INFO MemoryStore: MemoryStore started with capacity 434.4 MiB
[2026-04-27T07:05:16.141+0000] {subprocess.py:93} INFO - 26/04/27 07:05:16 INFO SparkEnv: Registering OutputCommitCoordinator
[2026-04-27T07:05:16.210+0000] {subprocess.py:93} INFO - 26/04/27 07:05:16 INFO JettyUtils: Start Jetty 0.0.0.0:4040 for SparkUI
[2026-04-27T07:05:16.313+0000] {subprocess.py:93} INFO - 26/04/27 07:05:16 INFO Utils: Successfully started service 'SparkUI' on port 4040.
[2026-04-27T07:05:16.405+0000] {subprocess.py:93} INFO - 26/04/27 07:05:16 INFO StandaloneAppClient$ClientEndpoint: Connecting to master spark://spark-master:7077...
[2026-04-27T07:05:16.500+0000] {subprocess.py:93} INFO - 26/04/27 07:05:16 INFO TransportClientFactory: Successfully created connection to spark-master/172.20.0.3:7077 after 49 ms (0 ms spent in bootstraps)
[2026-04-27T07:05:16.726+0000] {subprocess.py:93} INFO - 26/04/27 07:05:16 INFO StandaloneSchedulerBackend: Connected to Spark cluster with app ID app-20260427070516-0002
[2026-04-27T07:05:16.739+0000] {subprocess.py:93} INFO - 26/04/27 07:05:16 INFO StandaloneAppClient$ClientEndpoint: Executor added: app-20260427070516-0002/0 on worker-20260425225748-172.20.0.4-41817 (172.20.0.4:41817) with 2 core(s)
[2026-04-27T07:05:16.741+0000] {subprocess.py:93} INFO - 26/04/27 07:05:16 INFO StandaloneSchedulerBackend: Granted executor ID app-20260427070516-0002/0 on hostPort 172.20.0.4:41817 with 2 core(s), 1024.0 MiB RAM
[2026-04-27T07:05:16.742+0000] {subprocess.py:93} INFO - 26/04/27 07:05:16 INFO StandaloneAppClient$ClientEndpoint: Executor added: app-20260427070516-0002/1 on worker-20260425225748-172.20.0.5-43233 (172.20.0.5:43233) with 2 core(s)
[2026-04-27T07:05:16.742+0000] {subprocess.py:93} INFO - 26/04/27 07:05:16 INFO StandaloneSchedulerBackend: Granted executor ID app-20260427070516-0002/1 on hostPort 172.20.0.5:43233 with 2 core(s), 1024.0 MiB RAM
[2026-04-27T07:05:16.743+0000] {subprocess.py:93} INFO - 26/04/27 07:05:16 INFO Utils: Successfully started service 'org.apache.spark.network.netty.NettyBlockTransferService' on port 37957.
[2026-04-27T07:05:16.743+0000] {subprocess.py:93} INFO - 26/04/27 07:05:16 INFO NettyBlockTransferService: Server created on e8718f0f08fc:37957
[2026-04-27T07:05:16.745+0000] {subprocess.py:93} INFO - 26/04/27 07:05:16 INFO BlockManager: Using org.apache.spark.storage.RandomBlockReplicationPolicy for block replication policy
[2026-04-27T07:05:16.746+0000] {subprocess.py:93} INFO - 26/04/27 07:05:16 INFO BlockManagerMaster: Registering BlockManager BlockManagerId(driver, e8718f0f08fc, 37957, None)
[2026-04-27T07:05:16.748+0000] {subprocess.py:93} INFO - 26/04/27 07:05:16 INFO BlockManagerMasterEndpoint: Registering block manager e8718f0f08fc:37957 with 434.4 MiB RAM, BlockManagerId(driver, e8718f0f08fc, 37957, None)
[2026-04-27T07:05:16.749+0000] {subprocess.py:93} INFO - 26/04/27 07:05:16 INFO BlockManagerMaster: Registered BlockManager BlockManagerId(driver, e8718f0f08fc, 37957, None)
[2026-04-27T07:05:16.750+0000] {subprocess.py:93} INFO - 26/04/27 07:05:16 INFO BlockManager: Initialized BlockManager: BlockManagerId(driver, e8718f0f08fc, 37957, None)
[2026-04-27T07:05:17.165+0000] {subprocess.py:93} INFO - 26/04/27 07:05:17 INFO StandaloneSchedulerBackend: SchedulerBackend is ready for scheduling beginning after reached minRegisteredResourcesRatio: 0.0
[2026-04-27T07:05:17.432+0000] {subprocess.py:93} INFO - F1 Big Data — Spark Silver Transform
[2026-04-27T07:05:17.434+0000] {subprocess.py:93} INFO - ============================================================
[2026-04-27T07:05:17.434+0000] {subprocess.py:93} INFO - ============================================================
[2026-04-27T07:05:17.434+0000] {subprocess.py:93} INFO - SILVER: Race Results
[2026-04-27T07:05:17.435+0000] {subprocess.py:93} INFO - ============================================================
[2026-04-27T07:05:28.165+0000] {subprocess.py:93} INFO - Read 3524 raw rows
[2026-04-27T07:05:28.652+0000] {subprocess.py:93} INFO - 26/04/27 07:05:28 WARN SparkStringUtils: Truncated the string representation of a plan since it was too large. This behavior can be adjusted by setting 'spark.sql.debug.maxToStringFields'.
[2026-04-27T07:05:35.982+0000] {subprocess.py:93} INFO - ✓ Silver race_results: 3524 rows
[2026-04-27T07:05:35.993+0000] {subprocess.py:93} INFO - ============================================================
[2026-04-27T07:05:35.995+0000] {subprocess.py:93} INFO - SILVER: Qualifying
[2026-04-27T07:05:35.995+0000] {subprocess.py:93} INFO - ============================================================
[2026-04-27T07:09:52.826+0000] {subprocess.py:93} INFO - ✓ Silver qualifying: 3518 rows
[2026-04-27T07:09:52.833+0000] {subprocess.py:93} INFO - ============================================================
[2026-04-27T07:09:52.833+0000] {subprocess.py:93} INFO - SILVER: Pit Stops
[2026-04-27T07:09:52.833+0000] {subprocess.py:93} INFO - ============================================================
[2026-04-27T07:09:55.742+0000] {subprocess.py:93} INFO - ✓ Silver pit_stops: 5674 rows
[2026-04-27T07:09:55.747+0000] {subprocess.py:93} INFO - ============================================================
[2026-04-27T07:09:55.747+0000] {subprocess.py:93} INFO - SILVER: Laps
[2026-04-27T07:09:55.748+0000] {subprocess.py:93} INFO - ============================================================
[2026-04-27T07:32:52.376+0000] {subprocess.py:93} INFO - 26/04/27 07:32:52 WARN DAGScheduler: Broadcasting large task binary with size 6.9 MiB
[2026-04-27T08:23:25.072+0000] {local_task_job_runner.py:302} WARNING - State of this instance has been externally set to up_for_retry. Terminating instance.
[2026-04-27T08:23:25.107+0000] {process_utils.py:131} INFO - Sending 15 to group 10391. PIDs of all processes in the group: [10392, 10393, 10391]
[2026-04-27T08:23:25.110+0000] {process_utils.py:86} INFO - Sending the signal 15 to group 10391
[2026-04-27T08:23:25.126+0000] {taskinstance.py:2450} ERROR - Received SIGTERM. Terminating subprocesses.
[2026-04-27T08:23:25.144+0000] {subprocess.py:104} INFO - Sending SIGTERM signal to process group
[2026-04-27T08:23:25.223+0000] {process_utils.py:79} INFO - Process psutil.Process(pid=10393, status='terminated', started='07:05:12') (10393) terminated with exit code None
[2026-04-27T08:23:25.626+0000] {taskinstance.py:2698} ERROR - Task failed with exception
Traceback (most recent call last):
  File "/home/airflow/.local/lib/python3.11/site-packages/airflow/models/taskinstance.py", line 433, in _execute_task
    result = execute_callable(context=context, **execute_callable_kwargs)
             ^^^^^^^^^^^^^^^^^^^^^^^^^^^^^^^^^^^^^^^^^^^^^^^^^^^^^^^^^^^^
  File "/home/airflow/.local/lib/python3.11/site-packages/airflow/operators/bash.py", line 203, in execute
    result = self.subprocess_hook.run_command(
             ^^^^^^^^^^^^^^^^^^^^^^^^^^^^^^^^^
  File "/home/airflow/.local/lib/python3.11/site-packages/airflow/hooks/subprocess.py", line 91, in run_command
    for raw_line in iter(self.sub_process.stdout.readline, b""):
  File "/home/airflow/.local/lib/python3.11/site-packages/airflow/models/taskinstance.py", line 2452, in signal_handler
    raise AirflowException("Task received SIGTERM signal")
airflow.exceptions.AirflowException: Task received SIGTERM signal
[2026-04-27T08:23:25.762+0000] {taskinstance.py:1138} INFO - Marking task as UP_FOR_RETRY. dag_id=f1_bigdata_pipeline, task_id=spark_silver_transform, execution_date=20260420T060000, start_date=20260427T070513, end_date=20260427T082325
[2026-04-27T08:23:25.972+0000] {standard_task_runner.py:107} ERROR - Failed to execute job 47 for task spark_silver_transform (Task received SIGTERM signal; 10391)
[2026-04-27T08:23:26.069+0000] {process_utils.py:79} INFO - Process psutil.Process(pid=10391, status='terminated', exitcode=1, started='07:05:12') (10391) terminated with exit code 1
[2026-04-27T08:23:26.072+0000] {process_utils.py:79} INFO - Process psutil.Process(pid=10392, status='terminated', started='07:05:12') (10392) terminated with exit code None
