[2026-04-14T23:38:43.295+0000] {taskinstance.py:1956} INFO - Dependencies all met for dep_context=non-requeueable deps ti=<TaskInstance: f1_bigdata_pipeline.spark_gold_features manual__2026-04-14T23:31:54+00:00 [queued]>
[2026-04-14T23:38:43.298+0000] {taskinstance.py:1956} INFO - Dependencies all met for dep_context=requeueable deps ti=<TaskInstance: f1_bigdata_pipeline.spark_gold_features manual__2026-04-14T23:31:54+00:00 [queued]>
[2026-04-14T23:38:43.298+0000] {taskinstance.py:2170} INFO - Starting attempt 1 of 3
[2026-04-14T23:38:43.305+0000] {taskinstance.py:2191} INFO - Executing <Task(BashOperator): spark_gold_features> on 2026-04-14 23:31:54+00:00
[2026-04-14T23:38:43.318+0000] {standard_task_runner.py:60} INFO - Started process 257 to run task
[2026-04-14T23:38:43.320+0000] {standard_task_runner.py:87} INFO - Running: ['airflow', 'tasks', 'run', 'f1_bigdata_pipeline', 'spark_gold_features', 'manual__2026-04-14T23:31:54+00:00', '--job-id', '33', '--raw', '--subdir', 'DAGS_FOLDER/f1_pipeline_dag.py', '--cfg-path', '/tmp/tmpiq2a7zlu']
[2026-04-14T23:38:43.322+0000] {standard_task_runner.py:88} INFO - Job 33: Subtask spark_gold_features
[2026-04-14T23:38:43.377+0000] {task_command.py:423} INFO - Running <TaskInstance: f1_bigdata_pipeline.spark_gold_features manual__2026-04-14T23:31:54+00:00 [running]> on host 6879df3dac39
[2026-04-14T23:38:43.469+0000] {taskinstance.py:2480} INFO - Exporting env vars: AIRFLOW_CTX_DAG_OWNER='f1_bigdata' AIRFLOW_CTX_DAG_ID='f1_bigdata_pipeline' AIRFLOW_CTX_TASK_ID='spark_gold_features' AIRFLOW_CTX_EXECUTION_DATE='2026-04-14T23:31:54+00:00' AIRFLOW_CTX_TRY_NUMBER='1' AIRFLOW_CTX_DAG_RUN_ID='manual__2026-04-14T23:31:54+00:00'
[2026-04-14T23:38:43.475+0000] {subprocess.py:63} INFO - Tmp dir root location: /tmp
[2026-04-14T23:38:43.476+0000] {subprocess.py:75} INFO - Running command: ['/usr/bin/bash', '-c', '\n        docker exec f1_spark_master /opt/spark/bin/spark-submit             --master spark://spark-master:7077             --driver-memory 1g             --executor-memory 1g             /opt/spark-jobs/spark_gold.py\n    ']
[2026-04-14T23:38:43.483+0000] {subprocess.py:86} INFO - Output:
[2026-04-14T23:38:45.603+0000] {subprocess.py:93} INFO - 26/04/14 23:38:45 INFO SparkContext: Running Spark version 3.5.1
[2026-04-14T23:38:45.614+0000] {subprocess.py:93} INFO - 26/04/14 23:38:45 INFO SparkContext: OS info Linux, 6.6.32-linuxkit, aarch64
[2026-04-14T23:38:45.614+0000] {subprocess.py:93} INFO - 26/04/14 23:38:45 INFO SparkContext: Java version 11.0.22
[2026-04-14T23:38:45.658+0000] {subprocess.py:93} INFO - 26/04/14 23:38:45 WARN NativeCodeLoader: Unable to load native-hadoop library for your platform... using builtin-java classes where applicable
[2026-04-14T23:38:45.724+0000] {subprocess.py:93} INFO - 26/04/14 23:38:45 INFO ResourceUtils: ==============================================================
[2026-04-14T23:38:45.724+0000] {subprocess.py:93} INFO - 26/04/14 23:38:45 INFO ResourceUtils: No custom resources configured for spark.driver.
[2026-04-14T23:38:45.725+0000] {subprocess.py:93} INFO - 26/04/14 23:38:45 INFO ResourceUtils: ==============================================================
[2026-04-14T23:38:45.725+0000] {subprocess.py:93} INFO - 26/04/14 23:38:45 INFO SparkContext: Submitted application: F1_BigData_Gold
[2026-04-14T23:38:45.737+0000] {subprocess.py:93} INFO - 26/04/14 23:38:45 INFO ResourceProfile: Default ResourceProfile created, executor resources: Map(memory -> name: memory, amount: 1024, script: , vendor: , offHeap -> name: offHeap, amount: 0, script: , vendor: ), task resources: Map(cpus -> name: cpus, amount: 1.0)
[2026-04-14T23:38:45.742+0000] {subprocess.py:93} INFO - 26/04/14 23:38:45 INFO ResourceProfile: Limiting resource is cpu
[2026-04-14T23:38:45.743+0000] {subprocess.py:93} INFO - 26/04/14 23:38:45 INFO ResourceProfileManager: Added ResourceProfile id: 0
[2026-04-14T23:38:45.776+0000] {subprocess.py:93} INFO - 26/04/14 23:38:45 INFO SecurityManager: Changing view acls to: spark
[2026-04-14T23:38:45.776+0000] {subprocess.py:93} INFO - 26/04/14 23:38:45 INFO SecurityManager: Changing modify acls to: spark
[2026-04-14T23:38:45.777+0000] {subprocess.py:93} INFO - 26/04/14 23:38:45 INFO SecurityManager: Changing view acls groups to:
[2026-04-14T23:38:45.777+0000] {subprocess.py:93} INFO - 26/04/14 23:38:45 INFO SecurityManager: Changing modify acls groups to:
[2026-04-14T23:38:45.777+0000] {subprocess.py:93} INFO - 26/04/14 23:38:45 INFO SecurityManager: SecurityManager: authentication disabled; ui acls disabled; users with view permissions: spark; groups with view permissions: EMPTY; users with modify permissions: spark; groups with modify permissions: EMPTY
[2026-04-14T23:38:45.934+0000] {subprocess.py:93} INFO - 26/04/14 23:38:45 INFO Utils: Successfully started service 'sparkDriver' on port 33641.
[2026-04-14T23:38:45.953+0000] {subprocess.py:93} INFO - 26/04/14 23:38:45 INFO SparkEnv: Registering MapOutputTracker
[2026-04-14T23:38:45.973+0000] {subprocess.py:93} INFO - 26/04/14 23:38:45 INFO SparkEnv: Registering BlockManagerMaster
[2026-04-14T23:38:45.985+0000] {subprocess.py:93} INFO - 26/04/14 23:38:45 INFO BlockManagerMasterEndpoint: Using org.apache.spark.storage.DefaultTopologyMapper for getting topology information
[2026-04-14T23:38:45.986+0000] {subprocess.py:93} INFO - 26/04/14 23:38:45 INFO BlockManagerMasterEndpoint: BlockManagerMasterEndpoint up
[2026-04-14T23:38:45.988+0000] {subprocess.py:93} INFO - 26/04/14 23:38:45 INFO SparkEnv: Registering BlockManagerMasterHeartbeat
[2026-04-14T23:38:46.004+0000] {subprocess.py:93} INFO - 26/04/14 23:38:46 INFO DiskBlockManager: Created local directory at /tmp/blockmgr-334596f7-f7b2-4cef-b43f-0c09198e9266
[2026-04-14T23:38:46.011+0000] {subprocess.py:93} INFO - 26/04/14 23:38:46 INFO MemoryStore: MemoryStore started with capacity 434.4 MiB
[2026-04-14T23:38:46.029+0000] {subprocess.py:93} INFO - 26/04/14 23:38:46 INFO SparkEnv: Registering OutputCommitCoordinator
[2026-04-14T23:38:46.120+0000] {subprocess.py:93} INFO - 26/04/14 23:38:46 INFO JettyUtils: Start Jetty 0.0.0.0:4040 for SparkUI
[2026-04-14T23:38:46.215+0000] {subprocess.py:93} INFO - 26/04/14 23:38:46 INFO Utils: Successfully started service 'SparkUI' on port 4040.
[2026-04-14T23:38:46.360+0000] {subprocess.py:93} INFO - 26/04/14 23:38:46 INFO StandaloneAppClient$ClientEndpoint: Connecting to master spark://spark-master:7077...
[2026-04-14T23:38:46.501+0000] {subprocess.py:93} INFO - 26/04/14 23:38:46 INFO TransportClientFactory: Successfully created connection to spark-master/172.20.0.2:7077 after 85 ms (0 ms spent in bootstraps)
[2026-04-14T23:38:46.594+0000] {subprocess.py:93} INFO - 26/04/14 23:38:46 INFO StandaloneSchedulerBackend: Connected to Spark cluster with app ID app-20260414233846-0001
[2026-04-14T23:38:46.610+0000] {subprocess.py:93} INFO - 26/04/14 23:38:46 INFO Utils: Successfully started service 'org.apache.spark.network.netty.NettyBlockTransferService' on port 39893.
[2026-04-14T23:38:46.611+0000] {subprocess.py:93} INFO - 26/04/14 23:38:46 INFO NettyBlockTransferService: Server created on e8718f0f08fc:39893
[2026-04-14T23:38:46.621+0000] {subprocess.py:93} INFO - 26/04/14 23:38:46 INFO StandaloneAppClient$ClientEndpoint: Executor added: app-20260414233846-0001/0 on worker-20260414233140-172.20.0.4-33899 (172.20.0.4:33899) with 2 core(s)
[2026-04-14T23:38:46.625+0000] {subprocess.py:93} INFO - 26/04/14 23:38:46 INFO StandaloneSchedulerBackend: Granted executor ID app-20260414233846-0001/0 on hostPort 172.20.0.4:33899 with 2 core(s), 1024.0 MiB RAM
[2026-04-14T23:38:46.627+0000] {subprocess.py:93} INFO - 26/04/14 23:38:46 INFO StandaloneAppClient$ClientEndpoint: Executor added: app-20260414233846-0001/1 on worker-20260414233140-172.20.0.5-38353 (172.20.0.5:38353) with 2 core(s)
[2026-04-14T23:38:46.629+0000] {subprocess.py:93} INFO - 26/04/14 23:38:46 INFO StandaloneSchedulerBackend: Granted executor ID app-20260414233846-0001/1 on hostPort 172.20.0.5:38353 with 2 core(s), 1024.0 MiB RAM
[2026-04-14T23:38:46.632+0000] {subprocess.py:93} INFO - 26/04/14 23:38:46 INFO BlockManager: Using org.apache.spark.storage.RandomBlockReplicationPolicy for block replication policy
[2026-04-14T23:38:46.667+0000] {subprocess.py:93} INFO - 26/04/14 23:38:46 INFO BlockManagerMaster: Registering BlockManager BlockManagerId(driver, e8718f0f08fc, 39893, None)
[2026-04-14T23:38:46.671+0000] {subprocess.py:93} INFO - 26/04/14 23:38:46 INFO BlockManagerMasterEndpoint: Registering block manager e8718f0f08fc:39893 with 434.4 MiB RAM, BlockManagerId(driver, e8718f0f08fc, 39893, None)
[2026-04-14T23:38:46.673+0000] {subprocess.py:93} INFO - 26/04/14 23:38:46 INFO BlockManagerMaster: Registered BlockManager BlockManagerId(driver, e8718f0f08fc, 39893, None)
[2026-04-14T23:38:46.673+0000] {subprocess.py:93} INFO - 26/04/14 23:38:46 INFO BlockManager: Initialized BlockManager: BlockManagerId(driver, e8718f0f08fc, 39893, None)
[2026-04-14T23:38:46.809+0000] {subprocess.py:93} INFO - 26/04/14 23:38:46 INFO StandaloneAppClient$ClientEndpoint: Executor updated: app-20260414233846-0001/1 is now RUNNING
[2026-04-14T23:38:46.810+0000] {subprocess.py:93} INFO - 26/04/14 23:38:46 INFO StandaloneAppClient$ClientEndpoint: Executor updated: app-20260414233846-0001/0 is now RUNNING
[2026-04-14T23:38:47.039+0000] {subprocess.py:93} INFO - 26/04/14 23:38:47 INFO StandaloneSchedulerBackend: SchedulerBackend is ready for scheduling beginning after reached minRegisteredResourcesRatio: 0.0
[2026-04-14T23:38:47.405+0000] {subprocess.py:93} INFO - 🏎️  F1 Gold Layer — Feature Engineering (PySpark)
[2026-04-14T23:38:47.406+0000] {subprocess.py:93} INFO - ============================================================
[2026-04-14T23:38:53.541+0000] {subprocess.py:93} INFO - Loaded race_master: 3524 rows
[2026-04-14T23:38:54.364+0000] {subprocess.py:93} INFO - 26/04/14 23:38:54 WARN SparkStringUtils: Truncated the string representation of a plan since it was too large. This behavior can be adjusted by setting 'spark.sql.debug.maxToStringFields'.
[2026-04-14T23:39:00.099+0000] {subprocess.py:93} INFO - ✓ Gold race_prediction_features: 3524 rows, 35 columns
[2026-04-14T23:39:00.104+0000] {subprocess.py:93} INFO - 
[2026-04-14T23:39:00.104+0000] {subprocess.py:93} INFO - Features: ['season', 'round', 'driver_id', 'race_name', 'circuit_id', 'circuit_name', 'race_date', 'driver_code', 'driver_name', 'constructor_id', 'constructor_name', 'grid', 'position', 'best_quali_seconds', 'q1_seconds', 'q2_seconds', 'q3_seconds', 'num_pit_stops', 'rolling_avg_position_5', 'rolling_avg_points_5', 'rolling_dnf_rate_5', 'rolling_positions_gained_5', 'constructor_rolling_points', 'rolling_consistency', 'quali_gap_to_pole', 'quali_gap_pct', 'pit_strategy_aggressive', 'pit_stops_vs_field', 'circuit_avg_position', 'circuit_races_count', 'season_cumulative_points', 'target_position', 'target_podium', 'target_points_finish', 'target_winner']
[2026-04-14T23:39:00.105+0000] {subprocess.py:93} INFO - 
[2026-04-14T23:39:00.105+0000] {subprocess.py:93} INFO - ✅ Spark Gold layer complete!
[2026-04-14T23:39:00.800+0000] {subprocess.py:97} INFO - Command exited with return code 0
[2026-04-14T23:39:00.867+0000] {taskinstance.py:1138} INFO - Marking task as SUCCESS. dag_id=f1_bigdata_pipeline, task_id=spark_gold_features, execution_date=20260414T233154, start_date=20260414T233843, end_date=20260414T233900
[2026-04-14T23:39:00.900+0000] {local_task_job_runner.py:234} INFO - Task exited with return code 0
[2026-04-14T23:39:00.952+0000] {taskinstance.py:3280} INFO - 1 downstream tasks scheduled from follow-on schedule check
