[2026-04-25T23:46:50.247+0000] {taskinstance.py:1956} INFO - Dependencies all met for dep_context=non-requeueable deps ti=<TaskInstance: f1_bigdata_pipeline.spark_gold_features manual__2026-04-25T23:39:37.705543+00:00 [queued]>
[2026-04-25T23:46:50.254+0000] {taskinstance.py:1956} INFO - Dependencies all met for dep_context=requeueable deps ti=<TaskInstance: f1_bigdata_pipeline.spark_gold_features manual__2026-04-25T23:39:37.705543+00:00 [queued]>
[2026-04-25T23:46:50.254+0000] {taskinstance.py:2170} INFO - Starting attempt 1 of 3
[2026-04-25T23:46:50.264+0000] {taskinstance.py:2191} INFO - Executing <Task(BashOperator): spark_gold_features> on 2026-04-25 23:39:37.705543+00:00
[2026-04-25T23:46:50.319+0000] {standard_task_runner.py:60} INFO - Started process 478 to run task
[2026-04-25T23:46:50.324+0000] {standard_task_runner.py:87} INFO - Running: ['airflow', 'tasks', 'run', 'f1_bigdata_pipeline', 'spark_gold_features', 'manual__2026-04-25T23:39:37.705543+00:00', '--job-id', '43', '--raw', '--subdir', 'DAGS_FOLDER/f1_pipeline_dag.py', '--cfg-path', '/tmp/tmpktz73gdj']
[2026-04-25T23:46:50.334+0000] {standard_task_runner.py:88} INFO - Job 43: Subtask spark_gold_features
[2026-04-25T23:46:50.514+0000] {task_command.py:423} INFO - Running <TaskInstance: f1_bigdata_pipeline.spark_gold_features manual__2026-04-25T23:39:37.705543+00:00 [running]> on host 6879df3dac39
[2026-04-25T23:46:50.742+0000] {taskinstance.py:2480} INFO - Exporting env vars: AIRFLOW_CTX_DAG_OWNER='f1_bigdata' AIRFLOW_CTX_DAG_ID='f1_bigdata_pipeline' AIRFLOW_CTX_TASK_ID='spark_gold_features' AIRFLOW_CTX_EXECUTION_DATE='2026-04-25T23:39:37.705543+00:00' AIRFLOW_CTX_TRY_NUMBER='1' AIRFLOW_CTX_DAG_RUN_ID='manual__2026-04-25T23:39:37.705543+00:00'
[2026-04-25T23:46:50.750+0000] {subprocess.py:63} INFO - Tmp dir root location: /tmp
[2026-04-25T23:46:50.754+0000] {subprocess.py:75} INFO - Running command: ['/usr/bin/bash', '-c', '\n        docker exec f1_spark_master /opt/spark/bin/spark-submit             --master spark://spark-master:7077             --driver-memory 1g             --executor-memory 1g             /opt/spark-jobs/spark_gold.py\n    ']
[2026-04-25T23:46:50.787+0000] {subprocess.py:86} INFO - Output:
[2026-04-25T23:46:54.047+0000] {subprocess.py:93} INFO - 26/04/25 23:46:54 INFO SparkContext: Running Spark version 3.5.1
[2026-04-25T23:46:54.051+0000] {subprocess.py:93} INFO - 26/04/25 23:46:54 INFO SparkContext: OS info Linux, 6.6.32-linuxkit, aarch64
[2026-04-25T23:46:54.051+0000] {subprocess.py:93} INFO - 26/04/25 23:46:54 INFO SparkContext: Java version 11.0.22
[2026-04-25T23:46:54.088+0000] {subprocess.py:93} INFO - 26/04/25 23:46:54 WARN NativeCodeLoader: Unable to load native-hadoop library for your platform... using builtin-java classes where applicable
[2026-04-25T23:46:54.149+0000] {subprocess.py:93} INFO - 26/04/25 23:46:54 INFO ResourceUtils: ==============================================================
[2026-04-25T23:46:54.149+0000] {subprocess.py:93} INFO - 26/04/25 23:46:54 INFO ResourceUtils: No custom resources configured for spark.driver.
[2026-04-25T23:46:54.149+0000] {subprocess.py:93} INFO - 26/04/25 23:46:54 INFO ResourceUtils: ==============================================================
[2026-04-25T23:46:54.149+0000] {subprocess.py:93} INFO - 26/04/25 23:46:54 INFO SparkContext: Submitted application: F1_BigData_Gold
[2026-04-25T23:46:54.159+0000] {subprocess.py:93} INFO - 26/04/25 23:46:54 INFO ResourceProfile: Default ResourceProfile created, executor resources: Map(memory -> name: memory, amount: 1024, script: , vendor: , offHeap -> name: offHeap, amount: 0, script: , vendor: ), task resources: Map(cpus -> name: cpus, amount: 1.0)
[2026-04-25T23:46:54.171+0000] {subprocess.py:93} INFO - 26/04/25 23:46:54 INFO ResourceProfile: Limiting resource is cpu
[2026-04-25T23:46:54.171+0000] {subprocess.py:93} INFO - 26/04/25 23:46:54 INFO ResourceProfileManager: Added ResourceProfile id: 0
[2026-04-25T23:46:54.212+0000] {subprocess.py:93} INFO - 26/04/25 23:46:54 INFO SecurityManager: Changing view acls to: spark
[2026-04-25T23:46:54.212+0000] {subprocess.py:93} INFO - 26/04/25 23:46:54 INFO SecurityManager: Changing modify acls to: spark
[2026-04-25T23:46:54.213+0000] {subprocess.py:93} INFO - 26/04/25 23:46:54 INFO SecurityManager: Changing view acls groups to:
[2026-04-25T23:46:54.213+0000] {subprocess.py:93} INFO - 26/04/25 23:46:54 INFO SecurityManager: Changing modify acls groups to:
[2026-04-25T23:46:54.213+0000] {subprocess.py:93} INFO - 26/04/25 23:46:54 INFO SecurityManager: SecurityManager: authentication disabled; ui acls disabled; users with view permissions: spark; groups with view permissions: EMPTY; users with modify permissions: spark; groups with modify permissions: EMPTY
[2026-04-25T23:46:54.424+0000] {subprocess.py:93} INFO - 26/04/25 23:46:54 INFO Utils: Successfully started service 'sparkDriver' on port 37489.
[2026-04-25T23:46:54.495+0000] {subprocess.py:93} INFO - 26/04/25 23:46:54 INFO SparkEnv: Registering MapOutputTracker
[2026-04-25T23:46:54.533+0000] {subprocess.py:93} INFO - 26/04/25 23:46:54 INFO SparkEnv: Registering BlockManagerMaster
[2026-04-25T23:46:54.555+0000] {subprocess.py:93} INFO - 26/04/25 23:46:54 INFO BlockManagerMasterEndpoint: Using org.apache.spark.storage.DefaultTopologyMapper for getting topology information
[2026-04-25T23:46:54.555+0000] {subprocess.py:93} INFO - 26/04/25 23:46:54 INFO BlockManagerMasterEndpoint: BlockManagerMasterEndpoint up
[2026-04-25T23:46:54.560+0000] {subprocess.py:93} INFO - 26/04/25 23:46:54 INFO SparkEnv: Registering BlockManagerMasterHeartbeat
[2026-04-25T23:46:54.585+0000] {subprocess.py:93} INFO - 26/04/25 23:46:54 INFO DiskBlockManager: Created local directory at /tmp/blockmgr-559898ac-fb30-493b-a051-4fa96db39ea3
[2026-04-25T23:46:54.601+0000] {subprocess.py:93} INFO - 26/04/25 23:46:54 INFO MemoryStore: MemoryStore started with capacity 434.4 MiB
[2026-04-25T23:46:54.624+0000] {subprocess.py:93} INFO - 26/04/25 23:46:54 INFO SparkEnv: Registering OutputCommitCoordinator
[2026-04-25T23:46:54.719+0000] {subprocess.py:93} INFO - 26/04/25 23:46:54 INFO JettyUtils: Start Jetty 0.0.0.0:4040 for SparkUI
[2026-04-25T23:46:54.823+0000] {subprocess.py:93} INFO - 26/04/25 23:46:54 INFO Utils: Successfully started service 'SparkUI' on port 4040.
[2026-04-25T23:46:54.995+0000] {subprocess.py:93} INFO - 26/04/25 23:46:54 INFO StandaloneAppClient$ClientEndpoint: Connecting to master spark://spark-master:7077...
[2026-04-25T23:46:55.050+0000] {subprocess.py:93} INFO - 26/04/25 23:46:55 INFO TransportClientFactory: Successfully created connection to spark-master/172.20.0.3:7077 after 25 ms (0 ms spent in bootstraps)
[2026-04-25T23:46:55.167+0000] {subprocess.py:93} INFO - 26/04/25 23:46:55 INFO StandaloneSchedulerBackend: Connected to Spark cluster with app ID app-20260425234655-0001
[2026-04-25T23:46:55.176+0000] {subprocess.py:93} INFO - 26/04/25 23:46:55 INFO Utils: Successfully started service 'org.apache.spark.network.netty.NettyBlockTransferService' on port 39507.
[2026-04-25T23:46:55.176+0000] {subprocess.py:93} INFO - 26/04/25 23:46:55 INFO NettyBlockTransferService: Server created on e8718f0f08fc:39507
[2026-04-25T23:46:55.179+0000] {subprocess.py:93} INFO - 26/04/25 23:46:55 INFO BlockManager: Using org.apache.spark.storage.RandomBlockReplicationPolicy for block replication policy
[2026-04-25T23:46:55.185+0000] {subprocess.py:93} INFO - 26/04/25 23:46:55 INFO BlockManagerMaster: Registering BlockManager BlockManagerId(driver, e8718f0f08fc, 39507, None)
[2026-04-25T23:46:55.190+0000] {subprocess.py:93} INFO - 26/04/25 23:46:55 INFO BlockManagerMasterEndpoint: Registering block manager e8718f0f08fc:39507 with 434.4 MiB RAM, BlockManagerId(driver, e8718f0f08fc, 39507, None)
[2026-04-25T23:46:55.192+0000] {subprocess.py:93} INFO - 26/04/25 23:46:55 INFO BlockManagerMaster: Registered BlockManager BlockManagerId(driver, e8718f0f08fc, 39507, None)
[2026-04-25T23:46:55.192+0000] {subprocess.py:93} INFO - 26/04/25 23:46:55 INFO BlockManager: Initialized BlockManager: BlockManagerId(driver, e8718f0f08fc, 39507, None)
[2026-04-25T23:46:55.195+0000] {subprocess.py:93} INFO - 26/04/25 23:46:55 INFO StandaloneAppClient$ClientEndpoint: Executor added: app-20260425234655-0001/0 on worker-20260425225748-172.20.0.4-41817 (172.20.0.4:41817) with 2 core(s)
[2026-04-25T23:46:55.199+0000] {subprocess.py:93} INFO - 26/04/25 23:46:55 INFO StandaloneSchedulerBackend: Granted executor ID app-20260425234655-0001/0 on hostPort 172.20.0.4:41817 with 2 core(s), 1024.0 MiB RAM
[2026-04-25T23:46:55.199+0000] {subprocess.py:93} INFO - 26/04/25 23:46:55 INFO StandaloneAppClient$ClientEndpoint: Executor added: app-20260425234655-0001/1 on worker-20260425225748-172.20.0.5-43233 (172.20.0.5:43233) with 2 core(s)
[2026-04-25T23:46:55.200+0000] {subprocess.py:93} INFO - 26/04/25 23:46:55 INFO StandaloneSchedulerBackend: Granted executor ID app-20260425234655-0001/1 on hostPort 172.20.0.5:43233 with 2 core(s), 1024.0 MiB RAM
[2026-04-25T23:46:55.498+0000] {subprocess.py:93} INFO - 26/04/25 23:46:55 INFO StandaloneAppClient$ClientEndpoint: Executor updated: app-20260425234655-0001/0 is now RUNNING
[2026-04-25T23:46:55.507+0000] {subprocess.py:93} INFO - 26/04/25 23:46:55 INFO StandaloneAppClient$ClientEndpoint: Executor updated: app-20260425234655-0001/1 is now RUNNING
[2026-04-25T23:46:55.531+0000] {subprocess.py:93} INFO - 26/04/25 23:46:55 INFO StandaloneSchedulerBackend: SchedulerBackend is ready for scheduling beginning after reached minRegisteredResourcesRatio: 0.0
[2026-04-25T23:46:55.838+0000] {subprocess.py:93} INFO - 🏎️  F1 Gold Layer — Feature Engineering (PySpark)
[2026-04-25T23:46:55.839+0000] {subprocess.py:93} INFO - ============================================================
[2026-04-25T23:47:08.322+0000] {subprocess.py:93} INFO - Loaded race_master: 3524 rows
[2026-04-25T23:47:09.382+0000] {subprocess.py:93} INFO - 26/04/25 23:47:09 WARN SparkStringUtils: Truncated the string representation of a plan since it was too large. This behavior can be adjusted by setting 'spark.sql.debug.maxToStringFields'.
[2026-04-25T23:47:14.277+0000] {subprocess.py:93} INFO - ✓ Gold race_prediction_features: 3524 rows, 35 columns
[2026-04-25T23:47:14.282+0000] {subprocess.py:93} INFO - 
[2026-04-25T23:47:14.284+0000] {subprocess.py:93} INFO - Features: ['season', 'round', 'driver_id', 'race_name', 'circuit_id', 'circuit_name', 'race_date', 'driver_code', 'driver_name', 'constructor_id', 'constructor_name', 'grid', 'position', 'best_quali_seconds', 'q1_seconds', 'q2_seconds', 'q3_seconds', 'num_pit_stops', 'rolling_avg_position_5', 'rolling_avg_points_5', 'rolling_dnf_rate_5', 'rolling_positions_gained_5', 'constructor_rolling_points', 'rolling_consistency', 'quali_gap_to_pole', 'quali_gap_pct', 'pit_strategy_aggressive', 'pit_stops_vs_field', 'circuit_avg_position', 'circuit_races_count', 'season_cumulative_points', 'target_position', 'target_podium', 'target_points_finish', 'target_winner']
[2026-04-25T23:47:14.285+0000] {subprocess.py:93} INFO - 
[2026-04-25T23:47:14.285+0000] {subprocess.py:93} INFO - ✅ Spark Gold layer complete!
[2026-04-25T23:47:14.749+0000] {subprocess.py:97} INFO - Command exited with return code 0
[2026-04-25T23:47:14.855+0000] {taskinstance.py:1138} INFO - Marking task as SUCCESS. dag_id=f1_bigdata_pipeline, task_id=spark_gold_features, execution_date=20260425T233937, start_date=20260425T234650, end_date=20260425T234714
[2026-04-25T23:47:14.905+0000] {local_task_job_runner.py:234} INFO - Task exited with return code 0
[2026-04-25T23:47:14.969+0000] {taskinstance.py:3280} INFO - 0 downstream tasks scheduled from follow-on schedule check
