[2026-04-14T23:32:21.852+0000] {taskinstance.py:1956} INFO - Dependencies all met for dep_context=non-requeueable deps ti=<TaskInstance: f1_bigdata_pipeline.spark_silver_transform manual__2026-04-14T23:31:54+00:00 [queued]>
[2026-04-14T23:32:21.854+0000] {taskinstance.py:1956} INFO - Dependencies all met for dep_context=requeueable deps ti=<TaskInstance: f1_bigdata_pipeline.spark_silver_transform manual__2026-04-14T23:31:54+00:00 [queued]>
[2026-04-14T23:32:21.854+0000] {taskinstance.py:2170} INFO - Starting attempt 1 of 3
[2026-04-14T23:32:21.862+0000] {taskinstance.py:2191} INFO - Executing <Task(BashOperator): spark_silver_transform> on 2026-04-14 23:31:54+00:00
[2026-04-14T23:32:21.868+0000] {standard_task_runner.py:87} INFO - Running: ['airflow', 'tasks', 'run', 'f1_bigdata_pipeline', 'spark_silver_transform', 'manual__2026-04-14T23:31:54+00:00', '--job-id', '32', '--raw', '--subdir', 'DAGS_FOLDER/f1_pipeline_dag.py', '--cfg-path', '/tmp/tmpax42y54o']
[2026-04-14T23:32:21.869+0000] {standard_task_runner.py:88} INFO - Job 32: Subtask spark_silver_transform
[2026-04-14T23:32:21.866+0000] {standard_task_runner.py:60} INFO - Started process 187 to run task
[2026-04-14T23:32:21.898+0000] {task_command.py:423} INFO - Running <TaskInstance: f1_bigdata_pipeline.spark_silver_transform manual__2026-04-14T23:31:54+00:00 [running]> on host 6879df3dac39
[2026-04-14T23:32:21.933+0000] {taskinstance.py:2480} INFO - Exporting env vars: AIRFLOW_CTX_DAG_OWNER='f1_bigdata' AIRFLOW_CTX_DAG_ID='f1_bigdata_pipeline' AIRFLOW_CTX_TASK_ID='spark_silver_transform' AIRFLOW_CTX_EXECUTION_DATE='2026-04-14T23:31:54+00:00' AIRFLOW_CTX_TRY_NUMBER='1' AIRFLOW_CTX_DAG_RUN_ID='manual__2026-04-14T23:31:54+00:00'
[2026-04-14T23:32:21.934+0000] {subprocess.py:63} INFO - Tmp dir root location: /tmp
[2026-04-14T23:32:21.934+0000] {subprocess.py:75} INFO - Running command: ['/usr/bin/bash', '-c', '\n        docker exec f1_spark_master /opt/spark/bin/spark-submit             --master spark://spark-master:7077             --driver-memory 1g             --executor-memory 1g             /opt/spark-jobs/spark_silver.py\n    ']
[2026-04-14T23:32:21.938+0000] {subprocess.py:86} INFO - Output:
[2026-04-14T23:32:23.336+0000] {subprocess.py:93} INFO - 26/04/14 23:32:23 INFO SparkContext: Running Spark version 3.5.1
[2026-04-14T23:32:23.338+0000] {subprocess.py:93} INFO - 26/04/14 23:32:23 INFO SparkContext: OS info Linux, 6.6.32-linuxkit, aarch64
[2026-04-14T23:32:23.338+0000] {subprocess.py:93} INFO - 26/04/14 23:32:23 INFO SparkContext: Java version 11.0.22
[2026-04-14T23:32:23.364+0000] {subprocess.py:93} INFO - 26/04/14 23:32:23 WARN NativeCodeLoader: Unable to load native-hadoop library for your platform... using builtin-java classes where applicable
[2026-04-14T23:32:23.401+0000] {subprocess.py:93} INFO - 26/04/14 23:32:23 INFO ResourceUtils: ==============================================================
[2026-04-14T23:32:23.401+0000] {subprocess.py:93} INFO - 26/04/14 23:32:23 INFO ResourceUtils: No custom resources configured for spark.driver.
[2026-04-14T23:32:23.401+0000] {subprocess.py:93} INFO - 26/04/14 23:32:23 INFO ResourceUtils: ==============================================================
[2026-04-14T23:32:23.402+0000] {subprocess.py:93} INFO - 26/04/14 23:32:23 INFO SparkContext: Submitted application: F1_BigData_Silver
[2026-04-14T23:32:23.412+0000] {subprocess.py:93} INFO - 26/04/14 23:32:23 INFO ResourceProfile: Default ResourceProfile created, executor resources: Map(memory -> name: memory, amount: 1024, script: , vendor: , offHeap -> name: offHeap, amount: 0, script: , vendor: ), task resources: Map(cpus -> name: cpus, amount: 1.0)
[2026-04-14T23:32:23.418+0000] {subprocess.py:93} INFO - 26/04/14 23:32:23 INFO ResourceProfile: Limiting resource is cpu
[2026-04-14T23:32:23.418+0000] {subprocess.py:93} INFO - 26/04/14 23:32:23 INFO ResourceProfileManager: Added ResourceProfile id: 0
[2026-04-14T23:32:23.451+0000] {subprocess.py:93} INFO - 26/04/14 23:32:23 INFO SecurityManager: Changing view acls to: spark
[2026-04-14T23:32:23.452+0000] {subprocess.py:93} INFO - 26/04/14 23:32:23 INFO SecurityManager: Changing modify acls to: spark
[2026-04-14T23:32:23.452+0000] {subprocess.py:93} INFO - 26/04/14 23:32:23 INFO SecurityManager: Changing view acls groups to:
[2026-04-14T23:32:23.453+0000] {subprocess.py:93} INFO - 26/04/14 23:32:23 INFO SecurityManager: Changing modify acls groups to:
[2026-04-14T23:32:23.453+0000] {subprocess.py:93} INFO - 26/04/14 23:32:23 INFO SecurityManager: SecurityManager: authentication disabled; ui acls disabled; users with view permissions: spark; groups with view permissions: EMPTY; users with modify permissions: spark; groups with modify permissions: EMPTY
[2026-04-14T23:32:23.599+0000] {subprocess.py:93} INFO - 26/04/14 23:32:23 INFO Utils: Successfully started service 'sparkDriver' on port 40029.
[2026-04-14T23:32:23.623+0000] {subprocess.py:93} INFO - 26/04/14 23:32:23 INFO SparkEnv: Registering MapOutputTracker
[2026-04-14T23:32:23.658+0000] {subprocess.py:93} INFO - 26/04/14 23:32:23 INFO SparkEnv: Registering BlockManagerMaster
[2026-04-14T23:32:23.669+0000] {subprocess.py:93} INFO - 26/04/14 23:32:23 INFO BlockManagerMasterEndpoint: Using org.apache.spark.storage.DefaultTopologyMapper for getting topology information
[2026-04-14T23:32:23.669+0000] {subprocess.py:93} INFO - 26/04/14 23:32:23 INFO BlockManagerMasterEndpoint: BlockManagerMasterEndpoint up
[2026-04-14T23:32:23.673+0000] {subprocess.py:93} INFO - 26/04/14 23:32:23 INFO SparkEnv: Registering BlockManagerMasterHeartbeat
[2026-04-14T23:32:23.719+0000] {subprocess.py:93} INFO - 26/04/14 23:32:23 INFO DiskBlockManager: Created local directory at /tmp/blockmgr-a7dda563-63f9-46f5-8e97-d0741f49b9e3
[2026-04-14T23:32:23.729+0000] {subprocess.py:93} INFO - 26/04/14 23:32:23 INFO MemoryStore: MemoryStore started with capacity 434.4 MiB
[2026-04-14T23:32:23.738+0000] {subprocess.py:93} INFO - 26/04/14 23:32:23 INFO SparkEnv: Registering OutputCommitCoordinator
[2026-04-14T23:32:23.803+0000] {subprocess.py:93} INFO - 26/04/14 23:32:23 INFO JettyUtils: Start Jetty 0.0.0.0:4040 for SparkUI
[2026-04-14T23:32:23.844+0000] {subprocess.py:93} INFO - 26/04/14 23:32:23 INFO Utils: Successfully started service 'SparkUI' on port 4040.
[2026-04-14T23:32:23.929+0000] {subprocess.py:93} INFO - 26/04/14 23:32:23 INFO StandaloneAppClient$ClientEndpoint: Connecting to master spark://spark-master:7077...
[2026-04-14T23:32:23.958+0000] {subprocess.py:93} INFO - 26/04/14 23:32:23 INFO TransportClientFactory: Successfully created connection to spark-master/172.20.0.2:7077 after 13 ms (0 ms spent in bootstraps)
[2026-04-14T23:32:24.157+0000] {subprocess.py:93} INFO - 26/04/14 23:32:24 INFO StandaloneSchedulerBackend: Connected to Spark cluster with app ID app-20260414233224-0000
[2026-04-14T23:32:24.172+0000] {subprocess.py:93} INFO - 26/04/14 23:32:24 INFO Utils: Successfully started service 'org.apache.spark.network.netty.NettyBlockTransferService' on port 44141.
[2026-04-14T23:32:24.174+0000] {subprocess.py:93} INFO - 26/04/14 23:32:24 INFO NettyBlockTransferService: Server created on e8718f0f08fc:44141
[2026-04-14T23:32:24.176+0000] {subprocess.py:93} INFO - 26/04/14 23:32:24 INFO BlockManager: Using org.apache.spark.storage.RandomBlockReplicationPolicy for block replication policy
[2026-04-14T23:32:24.187+0000] {subprocess.py:93} INFO - 26/04/14 23:32:24 INFO StandaloneAppClient$ClientEndpoint: Executor added: app-20260414233224-0000/0 on worker-20260414233140-172.20.0.4-33899 (172.20.0.4:33899) with 2 core(s)
[2026-04-14T23:32:24.188+0000] {subprocess.py:93} INFO - 26/04/14 23:32:24 INFO StandaloneSchedulerBackend: Granted executor ID app-20260414233224-0000/0 on hostPort 172.20.0.4:33899 with 2 core(s), 1024.0 MiB RAM
[2026-04-14T23:32:24.189+0000] {subprocess.py:93} INFO - 26/04/14 23:32:24 INFO StandaloneAppClient$ClientEndpoint: Executor added: app-20260414233224-0000/1 on worker-20260414233140-172.20.0.5-38353 (172.20.0.5:38353) with 2 core(s)
[2026-04-14T23:32:24.190+0000] {subprocess.py:93} INFO - 26/04/14 23:32:24 INFO StandaloneSchedulerBackend: Granted executor ID app-20260414233224-0000/1 on hostPort 172.20.0.5:38353 with 2 core(s), 1024.0 MiB RAM
[2026-04-14T23:32:24.195+0000] {subprocess.py:93} INFO - 26/04/14 23:32:24 INFO BlockManagerMaster: Registering BlockManager BlockManagerId(driver, e8718f0f08fc, 44141, None)
[2026-04-14T23:32:24.203+0000] {subprocess.py:93} INFO - 26/04/14 23:32:24 INFO BlockManagerMasterEndpoint: Registering block manager e8718f0f08fc:44141 with 434.4 MiB RAM, BlockManagerId(driver, e8718f0f08fc, 44141, None)
[2026-04-14T23:32:24.213+0000] {subprocess.py:93} INFO - 26/04/14 23:32:24 INFO BlockManagerMaster: Registered BlockManager BlockManagerId(driver, e8718f0f08fc, 44141, None)
[2026-04-14T23:32:24.214+0000] {subprocess.py:93} INFO - 26/04/14 23:32:24 INFO BlockManager: Initialized BlockManager: BlockManagerId(driver, e8718f0f08fc, 44141, None)
[2026-04-14T23:32:25.132+0000] {subprocess.py:93} INFO - 26/04/14 23:32:25 INFO StandaloneSchedulerBackend: SchedulerBackend is ready for scheduling beginning after reached minRegisteredResourcesRatio: 0.0
[2026-04-14T23:32:25.295+0000] {subprocess.py:93} INFO - 26/04/14 23:32:25 INFO StandaloneAppClient$ClientEndpoint: Executor updated: app-20260414233224-0000/1 is now RUNNING
[2026-04-14T23:32:25.295+0000] {subprocess.py:93} INFO - 26/04/14 23:32:25 INFO StandaloneAppClient$ClientEndpoint: Executor updated: app-20260414233224-0000/0 is now RUNNING
[2026-04-14T23:32:26.090+0000] {subprocess.py:93} INFO - F1 Big Data — Spark Silver Transform
[2026-04-14T23:32:26.107+0000] {subprocess.py:93} INFO - ============================================================
[2026-04-14T23:32:26.108+0000] {subprocess.py:93} INFO - ============================================================
[2026-04-14T23:32:26.108+0000] {subprocess.py:93} INFO - SILVER: Race Results
[2026-04-14T23:32:26.109+0000] {subprocess.py:93} INFO - ============================================================
[2026-04-14T23:32:38.118+0000] {subprocess.py:93} INFO - Read 3524 raw rows
[2026-04-14T23:32:38.780+0000] {subprocess.py:93} INFO - 26/04/14 23:32:38 WARN SparkStringUtils: Truncated the string representation of a plan since it was too large. This behavior can be adjusted by setting 'spark.sql.debug.maxToStringFields'.
[2026-04-14T23:32:45.676+0000] {subprocess.py:93} INFO - ✓ Silver race_results: 3524 rows
[2026-04-14T23:32:46.266+0000] {subprocess.py:93} INFO - ============================================================
[2026-04-14T23:32:46.295+0000] {subprocess.py:93} INFO - SILVER: Qualifying
[2026-04-14T23:32:46.303+0000] {subprocess.py:93} INFO - ============================================================
[2026-04-14T23:32:51.690+0000] {subprocess.py:93} INFO - ✓ Silver qualifying: 3518 rows
[2026-04-14T23:32:51.695+0000] {subprocess.py:93} INFO - ============================================================
[2026-04-14T23:32:51.700+0000] {subprocess.py:93} INFO - SILVER: Pit Stops
[2026-04-14T23:32:51.701+0000] {subprocess.py:93} INFO - ============================================================
[2026-04-14T23:32:59.972+0000] {subprocess.py:93} INFO - ✓ Silver pit_stops: 5674 rows
[2026-04-14T23:32:59.977+0000] {subprocess.py:93} INFO - ============================================================
[2026-04-14T23:32:59.978+0000] {subprocess.py:93} INFO - SILVER: Laps
[2026-04-14T23:32:59.980+0000] {subprocess.py:93} INFO - ============================================================
[2026-04-14T23:36:10.809+0000] {subprocess.py:93} INFO - 26/04/14 23:36:10 WARN DAGScheduler: Broadcasting large task binary with size 6.9 MiB
[2026-04-14T23:37:22.788+0000] {subprocess.py:93} INFO - 26/04/14 23:37:22 WARN DAGScheduler: Broadcasting large task binary with size 3.5 MiB
[2026-04-14T23:37:44.218+0000] {subprocess.py:93} INFO - 26/04/14 23:37:44 WARN DAGScheduler: Broadcasting large task binary with size 3.8 MiB
[2026-04-14T23:38:00.765+0000] {subprocess.py:93} INFO - 26/04/14 23:38:00 WARN DAGScheduler: Broadcasting large task binary with size 1632.1 KiB
[2026-04-14T23:38:35.851+0000] {subprocess.py:93} INFO - ✓ Silver laps: 181721 rows
[2026-04-14T23:38:35.885+0000] {subprocess.py:93} INFO - ============================================================
[2026-04-14T23:38:35.885+0000] {subprocess.py:93} INFO - SILVER: Race Master (Joined)
[2026-04-14T23:38:35.886+0000] {subprocess.py:93} INFO - ============================================================
[2026-04-14T23:38:38.012+0000] {subprocess.py:93} INFO - ✓ Silver race_master: 3524 rows, 32 columns
[2026-04-14T23:38:38.016+0000] {subprocess.py:93} INFO - 
[2026-04-14T23:38:38.016+0000] {subprocess.py:93} INFO - Spark Silver layer complete!
[2026-04-14T23:38:39.446+0000] {subprocess.py:97} INFO - Command exited with return code 0
[2026-04-14T23:38:39.657+0000] {taskinstance.py:1138} INFO - Marking task as SUCCESS. dag_id=f1_bigdata_pipeline, task_id=spark_silver_transform, execution_date=20260414T233154, start_date=20260414T233221, end_date=20260414T233839
[2026-04-14T23:38:39.747+0000] {local_task_job_runner.py:234} INFO - Task exited with return code 0
[2026-04-14T23:38:39.834+0000] {taskinstance.py:3280} INFO - 1 downstream tasks scheduled from follow-on schedule check
