[2026-04-25T22:58:00.194+0000] {processor.py:161} INFO - Started process (PID=164) to work on /opt/airflow/dags/f1_pipeline_dag.py
[2026-04-25T22:58:00.195+0000] {processor.py:830} INFO - Processing file /opt/airflow/dags/f1_pipeline_dag.py for tasks to queue
[2026-04-25T22:58:00.196+0000] {logging_mixin.py:188} INFO - [2026-04-25T22:58:00.196+0000] {dagbag.py:538} INFO - Filling up the DagBag from /opt/airflow/dags/f1_pipeline_dag.py
[2026-04-25T22:58:00.230+0000] {processor.py:840} INFO - DAG(s) 'f1_bigdata_pipeline' retrieved from /opt/airflow/dags/f1_pipeline_dag.py
[2026-04-25T22:58:00.248+0000] {logging_mixin.py:188} INFO - [2026-04-25T22:58:00.247+0000] {dag.py:3036} INFO - Sync 1 DAGs
[2026-04-25T22:58:00.261+0000] {logging_mixin.py:188} INFO - [2026-04-25T22:58:00.261+0000] {dag.py:3823} INFO - Setting next_dagrun for f1_bigdata_pipeline to 2026-04-20 06:00:00+00:00, run_after=2026-04-27 06:00:00+00:00
[2026-04-25T22:58:00.269+0000] {processor.py:183} INFO - Processing /opt/airflow/dags/f1_pipeline_dag.py took 0.078 seconds
[2026-04-25T22:58:31.237+0000] {processor.py:161} INFO - Started process (PID=169) to work on /opt/airflow/dags/f1_pipeline_dag.py
[2026-04-25T22:58:31.238+0000] {processor.py:830} INFO - Processing file /opt/airflow/dags/f1_pipeline_dag.py for tasks to queue
[2026-04-25T22:58:31.240+0000] {logging_mixin.py:188} INFO - [2026-04-25T22:58:31.239+0000] {dagbag.py:538} INFO - Filling up the DagBag from /opt/airflow/dags/f1_pipeline_dag.py
[2026-04-25T22:58:31.277+0000] {processor.py:840} INFO - DAG(s) 'f1_bigdata_pipeline' retrieved from /opt/airflow/dags/f1_pipeline_dag.py
[2026-04-25T22:58:31.424+0000] {logging_mixin.py:188} INFO - [2026-04-25T22:58:31.423+0000] {dag.py:3036} INFO - Sync 1 DAGs
[2026-04-25T22:58:31.435+0000] {logging_mixin.py:188} INFO - [2026-04-25T22:58:31.435+0000] {dag.py:3823} INFO - Setting next_dagrun for f1_bigdata_pipeline to 2026-04-20 06:00:00+00:00, run_after=2026-04-27 06:00:00+00:00
[2026-04-25T22:58:31.444+0000] {processor.py:183} INFO - Processing /opt/airflow/dags/f1_pipeline_dag.py took 0.214 seconds
[2026-04-25T22:59:01.733+0000] {processor.py:161} INFO - Started process (PID=174) to work on /opt/airflow/dags/f1_pipeline_dag.py
[2026-04-25T22:59:01.734+0000] {processor.py:830} INFO - Processing file /opt/airflow/dags/f1_pipeline_dag.py for tasks to queue
[2026-04-25T22:59:01.736+0000] {logging_mixin.py:188} INFO - [2026-04-25T22:59:01.735+0000] {dagbag.py:538} INFO - Filling up the DagBag from /opt/airflow/dags/f1_pipeline_dag.py
[2026-04-25T22:59:01.770+0000] {processor.py:840} INFO - DAG(s) 'f1_bigdata_pipeline' retrieved from /opt/airflow/dags/f1_pipeline_dag.py
[2026-04-25T22:59:01.796+0000] {logging_mixin.py:188} INFO - [2026-04-25T22:59:01.796+0000] {dag.py:3036} INFO - Sync 1 DAGs
[2026-04-25T22:59:01.813+0000] {logging_mixin.py:188} INFO - [2026-04-25T22:59:01.813+0000] {dag.py:3823} INFO - Setting next_dagrun for f1_bigdata_pipeline to 2026-04-20 06:00:00+00:00, run_after=2026-04-27 06:00:00+00:00
[2026-04-25T22:59:01.821+0000] {processor.py:183} INFO - Processing /opt/airflow/dags/f1_pipeline_dag.py took 0.096 seconds
[2026-04-25T22:59:32.199+0000] {processor.py:161} INFO - Started process (PID=179) to work on /opt/airflow/dags/f1_pipeline_dag.py
[2026-04-25T22:59:32.201+0000] {processor.py:830} INFO - Processing file /opt/airflow/dags/f1_pipeline_dag.py for tasks to queue
[2026-04-25T22:59:32.202+0000] {logging_mixin.py:188} INFO - [2026-04-25T22:59:32.201+0000] {dagbag.py:538} INFO - Filling up the DagBag from /opt/airflow/dags/f1_pipeline_dag.py
[2026-04-25T22:59:32.219+0000] {processor.py:840} INFO - DAG(s) 'f1_bigdata_pipeline' retrieved from /opt/airflow/dags/f1_pipeline_dag.py
[2026-04-25T22:59:32.271+0000] {logging_mixin.py:188} INFO - [2026-04-25T22:59:32.271+0000] {dag.py:3036} INFO - Sync 1 DAGs
[2026-04-25T22:59:32.285+0000] {logging_mixin.py:188} INFO - [2026-04-25T22:59:32.285+0000] {dag.py:3823} INFO - Setting next_dagrun for f1_bigdata_pipeline to 2026-04-20 06:00:00+00:00, run_after=2026-04-27 06:00:00+00:00
[2026-04-25T22:59:32.297+0000] {processor.py:183} INFO - Processing /opt/airflow/dags/f1_pipeline_dag.py took 0.102 seconds
[2026-04-25T23:00:02.505+0000] {processor.py:161} INFO - Started process (PID=184) to work on /opt/airflow/dags/f1_pipeline_dag.py
[2026-04-25T23:00:02.506+0000] {processor.py:830} INFO - Processing file /opt/airflow/dags/f1_pipeline_dag.py for tasks to queue
[2026-04-25T23:00:02.508+0000] {logging_mixin.py:188} INFO - [2026-04-25T23:00:02.507+0000] {dagbag.py:538} INFO - Filling up the DagBag from /opt/airflow/dags/f1_pipeline_dag.py
[2026-04-25T23:00:02.577+0000] {processor.py:840} INFO - DAG(s) 'f1_bigdata_pipeline' retrieved from /opt/airflow/dags/f1_pipeline_dag.py
[2026-04-25T23:00:02.687+0000] {logging_mixin.py:188} INFO - [2026-04-25T23:00:02.687+0000] {dag.py:3036} INFO - Sync 1 DAGs
[2026-04-25T23:00:02.741+0000] {logging_mixin.py:188} INFO - [2026-04-25T23:00:02.741+0000] {dag.py:3823} INFO - Setting next_dagrun for f1_bigdata_pipeline to 2026-04-20 06:00:00+00:00, run_after=2026-04-27 06:00:00+00:00
[2026-04-25T23:00:02.753+0000] {processor.py:183} INFO - Processing /opt/airflow/dags/f1_pipeline_dag.py took 0.254 seconds
[2026-04-25T23:00:33.036+0000] {processor.py:161} INFO - Started process (PID=189) to work on /opt/airflow/dags/f1_pipeline_dag.py
[2026-04-25T23:00:33.044+0000] {processor.py:830} INFO - Processing file /opt/airflow/dags/f1_pipeline_dag.py for tasks to queue
[2026-04-25T23:00:33.049+0000] {logging_mixin.py:188} INFO - [2026-04-25T23:00:33.047+0000] {dagbag.py:538} INFO - Filling up the DagBag from /opt/airflow/dags/f1_pipeline_dag.py
[2026-04-25T23:00:33.196+0000] {processor.py:840} INFO - DAG(s) 'f1_bigdata_pipeline' retrieved from /opt/airflow/dags/f1_pipeline_dag.py
[2026-04-25T23:00:33.568+0000] {logging_mixin.py:188} INFO - [2026-04-25T23:00:33.568+0000] {dag.py:3036} INFO - Sync 1 DAGs
[2026-04-25T23:00:33.626+0000] {logging_mixin.py:188} INFO - [2026-04-25T23:00:33.626+0000] {dag.py:3823} INFO - Setting next_dagrun for f1_bigdata_pipeline to 2026-04-20 06:00:00+00:00, run_after=2026-04-27 06:00:00+00:00
[2026-04-25T23:00:33.656+0000] {processor.py:183} INFO - Processing /opt/airflow/dags/f1_pipeline_dag.py took 0.638 seconds
[2026-04-25T23:01:04.219+0000] {processor.py:161} INFO - Started process (PID=194) to work on /opt/airflow/dags/f1_pipeline_dag.py
[2026-04-25T23:01:04.221+0000] {processor.py:830} INFO - Processing file /opt/airflow/dags/f1_pipeline_dag.py for tasks to queue
[2026-04-25T23:01:04.226+0000] {logging_mixin.py:188} INFO - [2026-04-25T23:01:04.223+0000] {dagbag.py:538} INFO - Filling up the DagBag from /opt/airflow/dags/f1_pipeline_dag.py
[2026-04-25T23:01:04.278+0000] {processor.py:840} INFO - DAG(s) 'f1_bigdata_pipeline' retrieved from /opt/airflow/dags/f1_pipeline_dag.py
[2026-04-25T23:01:04.307+0000] {logging_mixin.py:188} INFO - [2026-04-25T23:01:04.307+0000] {dag.py:3036} INFO - Sync 1 DAGs
[2026-04-25T23:01:04.324+0000] {logging_mixin.py:188} INFO - [2026-04-25T23:01:04.324+0000] {dag.py:3823} INFO - Setting next_dagrun for f1_bigdata_pipeline to 2026-04-20 06:00:00+00:00, run_after=2026-04-27 06:00:00+00:00
[2026-04-25T23:01:04.338+0000] {processor.py:183} INFO - Processing /opt/airflow/dags/f1_pipeline_dag.py took 0.127 seconds
[2026-04-25T23:01:35.106+0000] {processor.py:161} INFO - Started process (PID=199) to work on /opt/airflow/dags/f1_pipeline_dag.py
[2026-04-25T23:01:35.112+0000] {processor.py:830} INFO - Processing file /opt/airflow/dags/f1_pipeline_dag.py for tasks to queue
[2026-04-25T23:01:35.113+0000] {logging_mixin.py:188} INFO - [2026-04-25T23:01:35.112+0000] {dagbag.py:538} INFO - Filling up the DagBag from /opt/airflow/dags/f1_pipeline_dag.py
[2026-04-25T23:01:35.166+0000] {processor.py:840} INFO - DAG(s) 'f1_bigdata_pipeline' retrieved from /opt/airflow/dags/f1_pipeline_dag.py
[2026-04-25T23:01:35.219+0000] {logging_mixin.py:188} INFO - [2026-04-25T23:01:35.219+0000] {dag.py:3036} INFO - Sync 1 DAGs
[2026-04-25T23:01:35.246+0000] {logging_mixin.py:188} INFO - [2026-04-25T23:01:35.246+0000] {dag.py:3823} INFO - Setting next_dagrun for f1_bigdata_pipeline to 2026-04-20 06:00:00+00:00, run_after=2026-04-27 06:00:00+00:00
[2026-04-25T23:01:35.275+0000] {processor.py:183} INFO - Processing /opt/airflow/dags/f1_pipeline_dag.py took 0.181 seconds
[2026-04-25T23:02:05.434+0000] {processor.py:161} INFO - Started process (PID=204) to work on /opt/airflow/dags/f1_pipeline_dag.py
[2026-04-25T23:02:05.435+0000] {processor.py:830} INFO - Processing file /opt/airflow/dags/f1_pipeline_dag.py for tasks to queue
[2026-04-25T23:02:05.436+0000] {logging_mixin.py:188} INFO - [2026-04-25T23:02:05.436+0000] {dagbag.py:538} INFO - Filling up the DagBag from /opt/airflow/dags/f1_pipeline_dag.py
[2026-04-25T23:02:05.466+0000] {processor.py:840} INFO - DAG(s) 'f1_bigdata_pipeline' retrieved from /opt/airflow/dags/f1_pipeline_dag.py
[2026-04-25T23:02:05.496+0000] {logging_mixin.py:188} INFO - [2026-04-25T23:02:05.496+0000] {dag.py:3036} INFO - Sync 1 DAGs
[2026-04-25T23:02:05.514+0000] {logging_mixin.py:188} INFO - [2026-04-25T23:02:05.514+0000] {dag.py:3823} INFO - Setting next_dagrun for f1_bigdata_pipeline to 2026-04-20 06:00:00+00:00, run_after=2026-04-27 06:00:00+00:00
[2026-04-25T23:02:05.525+0000] {processor.py:183} INFO - Processing /opt/airflow/dags/f1_pipeline_dag.py took 0.098 seconds
[2026-04-25T23:02:35.887+0000] {processor.py:161} INFO - Started process (PID=209) to work on /opt/airflow/dags/f1_pipeline_dag.py
[2026-04-25T23:02:35.888+0000] {processor.py:830} INFO - Processing file /opt/airflow/dags/f1_pipeline_dag.py for tasks to queue
[2026-04-25T23:02:35.889+0000] {logging_mixin.py:188} INFO - [2026-04-25T23:02:35.888+0000] {dagbag.py:538} INFO - Filling up the DagBag from /opt/airflow/dags/f1_pipeline_dag.py
[2026-04-25T23:02:35.908+0000] {processor.py:840} INFO - DAG(s) 'f1_bigdata_pipeline' retrieved from /opt/airflow/dags/f1_pipeline_dag.py
[2026-04-25T23:02:35.935+0000] {logging_mixin.py:188} INFO - [2026-04-25T23:02:35.934+0000] {dag.py:3036} INFO - Sync 1 DAGs
[2026-04-25T23:02:35.950+0000] {logging_mixin.py:188} INFO - [2026-04-25T23:02:35.950+0000] {dag.py:3823} INFO - Setting next_dagrun for f1_bigdata_pipeline to 2026-04-20 06:00:00+00:00, run_after=2026-04-27 06:00:00+00:00
[2026-04-25T23:02:35.975+0000] {processor.py:183} INFO - Processing /opt/airflow/dags/f1_pipeline_dag.py took 0.093 seconds
[2026-04-25T23:03:06.210+0000] {processor.py:161} INFO - Started process (PID=214) to work on /opt/airflow/dags/f1_pipeline_dag.py
[2026-04-25T23:03:06.211+0000] {processor.py:830} INFO - Processing file /opt/airflow/dags/f1_pipeline_dag.py for tasks to queue
[2026-04-25T23:03:06.212+0000] {logging_mixin.py:188} INFO - [2026-04-25T23:03:06.211+0000] {dagbag.py:538} INFO - Filling up the DagBag from /opt/airflow/dags/f1_pipeline_dag.py
[2026-04-25T23:03:06.228+0000] {processor.py:840} INFO - DAG(s) 'f1_bigdata_pipeline' retrieved from /opt/airflow/dags/f1_pipeline_dag.py
[2026-04-25T23:03:06.269+0000] {logging_mixin.py:188} INFO - [2026-04-25T23:03:06.269+0000] {dag.py:3036} INFO - Sync 1 DAGs
[2026-04-25T23:03:06.283+0000] {logging_mixin.py:188} INFO - [2026-04-25T23:03:06.283+0000] {dag.py:3823} INFO - Setting next_dagrun for f1_bigdata_pipeline to 2026-04-20 06:00:00+00:00, run_after=2026-04-27 06:00:00+00:00
[2026-04-25T23:03:06.292+0000] {processor.py:183} INFO - Processing /opt/airflow/dags/f1_pipeline_dag.py took 0.086 seconds
[2026-04-25T23:03:36.940+0000] {processor.py:161} INFO - Started process (PID=219) to work on /opt/airflow/dags/f1_pipeline_dag.py
[2026-04-25T23:03:36.944+0000] {processor.py:830} INFO - Processing file /opt/airflow/dags/f1_pipeline_dag.py for tasks to queue
[2026-04-25T23:03:36.954+0000] {logging_mixin.py:188} INFO - [2026-04-25T23:03:36.947+0000] {dagbag.py:538} INFO - Filling up the DagBag from /opt/airflow/dags/f1_pipeline_dag.py
[2026-04-25T23:03:37.004+0000] {processor.py:840} INFO - DAG(s) 'f1_bigdata_pipeline' retrieved from /opt/airflow/dags/f1_pipeline_dag.py
[2026-04-25T23:03:37.050+0000] {logging_mixin.py:188} INFO - [2026-04-25T23:03:37.049+0000] {dag.py:3036} INFO - Sync 1 DAGs
[2026-04-25T23:03:37.072+0000] {logging_mixin.py:188} INFO - [2026-04-25T23:03:37.072+0000] {dag.py:3823} INFO - Setting next_dagrun for f1_bigdata_pipeline to 2026-04-20 06:00:00+00:00, run_after=2026-04-27 06:00:00+00:00
[2026-04-25T23:03:37.085+0000] {processor.py:183} INFO - Processing /opt/airflow/dags/f1_pipeline_dag.py took 0.188 seconds
[2026-04-25T23:04:07.313+0000] {processor.py:161} INFO - Started process (PID=224) to work on /opt/airflow/dags/f1_pipeline_dag.py
[2026-04-25T23:04:07.315+0000] {processor.py:830} INFO - Processing file /opt/airflow/dags/f1_pipeline_dag.py for tasks to queue
[2026-04-25T23:04:07.316+0000] {logging_mixin.py:188} INFO - [2026-04-25T23:04:07.316+0000] {dagbag.py:538} INFO - Filling up the DagBag from /opt/airflow/dags/f1_pipeline_dag.py
[2026-04-25T23:04:07.331+0000] {processor.py:840} INFO - DAG(s) 'f1_bigdata_pipeline' retrieved from /opt/airflow/dags/f1_pipeline_dag.py
[2026-04-25T23:04:07.381+0000] {logging_mixin.py:188} INFO - [2026-04-25T23:04:07.380+0000] {dag.py:3036} INFO - Sync 1 DAGs
[2026-04-25T23:04:07.396+0000] {logging_mixin.py:188} INFO - [2026-04-25T23:04:07.395+0000] {dag.py:3823} INFO - Setting next_dagrun for f1_bigdata_pipeline to 2026-04-20 06:00:00+00:00, run_after=2026-04-27 06:00:00+00:00
[2026-04-25T23:04:07.405+0000] {processor.py:183} INFO - Processing /opt/airflow/dags/f1_pipeline_dag.py took 0.096 seconds
[2026-04-25T23:04:37.587+0000] {processor.py:161} INFO - Started process (PID=229) to work on /opt/airflow/dags/f1_pipeline_dag.py
[2026-04-25T23:04:37.588+0000] {processor.py:830} INFO - Processing file /opt/airflow/dags/f1_pipeline_dag.py for tasks to queue
[2026-04-25T23:04:37.589+0000] {logging_mixin.py:188} INFO - [2026-04-25T23:04:37.589+0000] {dagbag.py:538} INFO - Filling up the DagBag from /opt/airflow/dags/f1_pipeline_dag.py
[2026-04-25T23:04:37.604+0000] {processor.py:840} INFO - DAG(s) 'f1_bigdata_pipeline' retrieved from /opt/airflow/dags/f1_pipeline_dag.py
[2026-04-25T23:04:37.632+0000] {logging_mixin.py:188} INFO - [2026-04-25T23:04:37.631+0000] {dag.py:3036} INFO - Sync 1 DAGs
[2026-04-25T23:04:37.659+0000] {logging_mixin.py:188} INFO - [2026-04-25T23:04:37.659+0000] {dag.py:3823} INFO - Setting next_dagrun for f1_bigdata_pipeline to 2026-04-20 06:00:00+00:00, run_after=2026-04-27 06:00:00+00:00
[2026-04-25T23:04:37.668+0000] {processor.py:183} INFO - Processing /opt/airflow/dags/f1_pipeline_dag.py took 0.084 seconds
[2026-04-25T23:05:07.960+0000] {processor.py:161} INFO - Started process (PID=234) to work on /opt/airflow/dags/f1_pipeline_dag.py
[2026-04-25T23:05:07.960+0000] {processor.py:830} INFO - Processing file /opt/airflow/dags/f1_pipeline_dag.py for tasks to queue
[2026-04-25T23:05:07.961+0000] {logging_mixin.py:188} INFO - [2026-04-25T23:05:07.961+0000] {dagbag.py:538} INFO - Filling up the DagBag from /opt/airflow/dags/f1_pipeline_dag.py
[2026-04-25T23:05:07.972+0000] {processor.py:840} INFO - DAG(s) 'f1_bigdata_pipeline' retrieved from /opt/airflow/dags/f1_pipeline_dag.py
[2026-04-25T23:05:07.981+0000] {logging_mixin.py:188} INFO - [2026-04-25T23:05:07.981+0000] {dag.py:3036} INFO - Sync 1 DAGs
[2026-04-25T23:05:07.995+0000] {logging_mixin.py:188} INFO - [2026-04-25T23:05:07.995+0000] {dag.py:3823} INFO - Setting next_dagrun for f1_bigdata_pipeline to 2026-04-20 06:00:00+00:00, run_after=2026-04-27 06:00:00+00:00
[2026-04-25T23:05:08.003+0000] {processor.py:183} INFO - Processing /opt/airflow/dags/f1_pipeline_dag.py took 0.046 seconds
[2026-04-25T23:05:38.504+0000] {processor.py:161} INFO - Started process (PID=239) to work on /opt/airflow/dags/f1_pipeline_dag.py
[2026-04-25T23:05:38.505+0000] {processor.py:830} INFO - Processing file /opt/airflow/dags/f1_pipeline_dag.py for tasks to queue
[2026-04-25T23:05:38.507+0000] {logging_mixin.py:188} INFO - [2026-04-25T23:05:38.506+0000] {dagbag.py:538} INFO - Filling up the DagBag from /opt/airflow/dags/f1_pipeline_dag.py
[2026-04-25T23:05:38.529+0000] {processor.py:840} INFO - DAG(s) 'f1_bigdata_pipeline' retrieved from /opt/airflow/dags/f1_pipeline_dag.py
[2026-04-25T23:05:38.550+0000] {logging_mixin.py:188} INFO - [2026-04-25T23:05:38.549+0000] {dag.py:3036} INFO - Sync 1 DAGs
[2026-04-25T23:05:38.566+0000] {logging_mixin.py:188} INFO - [2026-04-25T23:05:38.566+0000] {dag.py:3823} INFO - Setting next_dagrun for f1_bigdata_pipeline to 2026-04-20 06:00:00+00:00, run_after=2026-04-27 06:00:00+00:00
[2026-04-25T23:05:38.576+0000] {processor.py:183} INFO - Processing /opt/airflow/dags/f1_pipeline_dag.py took 0.076 seconds
[2026-04-25T23:06:09.023+0000] {processor.py:161} INFO - Started process (PID=244) to work on /opt/airflow/dags/f1_pipeline_dag.py
[2026-04-25T23:06:09.025+0000] {processor.py:830} INFO - Processing file /opt/airflow/dags/f1_pipeline_dag.py for tasks to queue
[2026-04-25T23:06:09.027+0000] {logging_mixin.py:188} INFO - [2026-04-25T23:06:09.025+0000] {dagbag.py:538} INFO - Filling up the DagBag from /opt/airflow/dags/f1_pipeline_dag.py
[2026-04-25T23:06:09.060+0000] {processor.py:840} INFO - DAG(s) 'f1_bigdata_pipeline' retrieved from /opt/airflow/dags/f1_pipeline_dag.py
[2026-04-25T23:06:09.239+0000] {logging_mixin.py:188} INFO - [2026-04-25T23:06:09.239+0000] {dag.py:3036} INFO - Sync 1 DAGs
[2026-04-25T23:06:09.262+0000] {logging_mixin.py:188} INFO - [2026-04-25T23:06:09.262+0000] {dag.py:3823} INFO - Setting next_dagrun for f1_bigdata_pipeline to 2026-04-20 06:00:00+00:00, run_after=2026-04-27 06:00:00+00:00
[2026-04-25T23:06:09.322+0000] {processor.py:183} INFO - Processing /opt/airflow/dags/f1_pipeline_dag.py took 0.306 seconds
[2026-04-25T23:06:39.406+0000] {processor.py:161} INFO - Started process (PID=249) to work on /opt/airflow/dags/f1_pipeline_dag.py
[2026-04-25T23:06:39.407+0000] {processor.py:830} INFO - Processing file /opt/airflow/dags/f1_pipeline_dag.py for tasks to queue
[2026-04-25T23:06:39.409+0000] {logging_mixin.py:188} INFO - [2026-04-25T23:06:39.409+0000] {dagbag.py:538} INFO - Filling up the DagBag from /opt/airflow/dags/f1_pipeline_dag.py
[2026-04-25T23:06:39.427+0000] {processor.py:840} INFO - DAG(s) 'f1_bigdata_pipeline' retrieved from /opt/airflow/dags/f1_pipeline_dag.py
[2026-04-25T23:06:39.455+0000] {logging_mixin.py:188} INFO - [2026-04-25T23:06:39.455+0000] {dag.py:3036} INFO - Sync 1 DAGs
[2026-04-25T23:06:39.479+0000] {logging_mixin.py:188} INFO - [2026-04-25T23:06:39.479+0000] {dag.py:3823} INFO - Setting next_dagrun for f1_bigdata_pipeline to 2026-04-20 06:00:00+00:00, run_after=2026-04-27 06:00:00+00:00
[2026-04-25T23:06:39.488+0000] {processor.py:183} INFO - Processing /opt/airflow/dags/f1_pipeline_dag.py took 0.086 seconds
[2026-04-25T23:07:09.675+0000] {processor.py:161} INFO - Started process (PID=254) to work on /opt/airflow/dags/f1_pipeline_dag.py
[2026-04-25T23:07:09.676+0000] {processor.py:830} INFO - Processing file /opt/airflow/dags/f1_pipeline_dag.py for tasks to queue
[2026-04-25T23:07:09.681+0000] {logging_mixin.py:188} INFO - [2026-04-25T23:07:09.678+0000] {dagbag.py:538} INFO - Filling up the DagBag from /opt/airflow/dags/f1_pipeline_dag.py
[2026-04-25T23:07:09.709+0000] {processor.py:840} INFO - DAG(s) 'f1_bigdata_pipeline' retrieved from /opt/airflow/dags/f1_pipeline_dag.py
[2026-04-25T23:07:09.733+0000] {logging_mixin.py:188} INFO - [2026-04-25T23:07:09.733+0000] {dag.py:3036} INFO - Sync 1 DAGs
[2026-04-25T23:07:09.745+0000] {logging_mixin.py:188} INFO - [2026-04-25T23:07:09.745+0000] {dag.py:3823} INFO - Setting next_dagrun for f1_bigdata_pipeline to 2026-04-20 06:00:00+00:00, run_after=2026-04-27 06:00:00+00:00
[2026-04-25T23:07:09.753+0000] {processor.py:183} INFO - Processing /opt/airflow/dags/f1_pipeline_dag.py took 0.082 seconds
[2026-04-25T23:07:39.974+0000] {processor.py:161} INFO - Started process (PID=259) to work on /opt/airflow/dags/f1_pipeline_dag.py
[2026-04-25T23:07:39.975+0000] {processor.py:830} INFO - Processing file /opt/airflow/dags/f1_pipeline_dag.py for tasks to queue
[2026-04-25T23:07:39.976+0000] {logging_mixin.py:188} INFO - [2026-04-25T23:07:39.975+0000] {dagbag.py:538} INFO - Filling up the DagBag from /opt/airflow/dags/f1_pipeline_dag.py
[2026-04-25T23:07:39.990+0000] {processor.py:840} INFO - DAG(s) 'f1_bigdata_pipeline' retrieved from /opt/airflow/dags/f1_pipeline_dag.py
[2026-04-25T23:07:40.011+0000] {logging_mixin.py:188} INFO - [2026-04-25T23:07:40.011+0000] {dag.py:3036} INFO - Sync 1 DAGs
[2026-04-25T23:07:40.023+0000] {logging_mixin.py:188} INFO - [2026-04-25T23:07:40.023+0000] {dag.py:3823} INFO - Setting next_dagrun for f1_bigdata_pipeline to 2026-04-20 06:00:00+00:00, run_after=2026-04-27 06:00:00+00:00
[2026-04-25T23:07:40.031+0000] {processor.py:183} INFO - Processing /opt/airflow/dags/f1_pipeline_dag.py took 0.061 seconds
[2026-04-25T23:08:10.287+0000] {processor.py:161} INFO - Started process (PID=264) to work on /opt/airflow/dags/f1_pipeline_dag.py
[2026-04-25T23:08:10.288+0000] {processor.py:830} INFO - Processing file /opt/airflow/dags/f1_pipeline_dag.py for tasks to queue
[2026-04-25T23:08:10.289+0000] {logging_mixin.py:188} INFO - [2026-04-25T23:08:10.288+0000] {dagbag.py:538} INFO - Filling up the DagBag from /opt/airflow/dags/f1_pipeline_dag.py
[2026-04-25T23:08:10.303+0000] {processor.py:840} INFO - DAG(s) 'f1_bigdata_pipeline' retrieved from /opt/airflow/dags/f1_pipeline_dag.py
[2026-04-25T23:08:10.334+0000] {logging_mixin.py:188} INFO - [2026-04-25T23:08:10.333+0000] {dag.py:3036} INFO - Sync 1 DAGs
[2026-04-25T23:08:10.352+0000] {logging_mixin.py:188} INFO - [2026-04-25T23:08:10.352+0000] {dag.py:3823} INFO - Setting next_dagrun for f1_bigdata_pipeline to 2026-04-20 06:00:00+00:00, run_after=2026-04-27 06:00:00+00:00
[2026-04-25T23:08:10.359+0000] {processor.py:183} INFO - Processing /opt/airflow/dags/f1_pipeline_dag.py took 0.076 seconds
[2026-04-25T23:08:40.584+0000] {processor.py:161} INFO - Started process (PID=269) to work on /opt/airflow/dags/f1_pipeline_dag.py
[2026-04-25T23:08:40.586+0000] {processor.py:830} INFO - Processing file /opt/airflow/dags/f1_pipeline_dag.py for tasks to queue
[2026-04-25T23:08:40.587+0000] {logging_mixin.py:188} INFO - [2026-04-25T23:08:40.586+0000] {dagbag.py:538} INFO - Filling up the DagBag from /opt/airflow/dags/f1_pipeline_dag.py
[2026-04-25T23:08:40.601+0000] {processor.py:840} INFO - DAG(s) 'f1_bigdata_pipeline' retrieved from /opt/airflow/dags/f1_pipeline_dag.py
[2026-04-25T23:08:40.640+0000] {logging_mixin.py:188} INFO - [2026-04-25T23:08:40.640+0000] {dag.py:3036} INFO - Sync 1 DAGs
[2026-04-25T23:08:40.653+0000] {logging_mixin.py:188} INFO - [2026-04-25T23:08:40.653+0000] {dag.py:3823} INFO - Setting next_dagrun for f1_bigdata_pipeline to 2026-04-20 06:00:00+00:00, run_after=2026-04-27 06:00:00+00:00
[2026-04-25T23:08:40.662+0000] {processor.py:183} INFO - Processing /opt/airflow/dags/f1_pipeline_dag.py took 0.081 seconds
[2026-04-25T23:09:10.860+0000] {processor.py:161} INFO - Started process (PID=274) to work on /opt/airflow/dags/f1_pipeline_dag.py
[2026-04-25T23:09:10.861+0000] {processor.py:830} INFO - Processing file /opt/airflow/dags/f1_pipeline_dag.py for tasks to queue
[2026-04-25T23:09:10.862+0000] {logging_mixin.py:188} INFO - [2026-04-25T23:09:10.862+0000] {dagbag.py:538} INFO - Filling up the DagBag from /opt/airflow/dags/f1_pipeline_dag.py
[2026-04-25T23:09:10.876+0000] {processor.py:840} INFO - DAG(s) 'f1_bigdata_pipeline' retrieved from /opt/airflow/dags/f1_pipeline_dag.py
[2026-04-25T23:09:10.898+0000] {logging_mixin.py:188} INFO - [2026-04-25T23:09:10.898+0000] {dag.py:3036} INFO - Sync 1 DAGs
[2026-04-25T23:09:10.914+0000] {logging_mixin.py:188} INFO - [2026-04-25T23:09:10.914+0000] {dag.py:3823} INFO - Setting next_dagrun for f1_bigdata_pipeline to 2026-04-20 06:00:00+00:00, run_after=2026-04-27 06:00:00+00:00
[2026-04-25T23:09:10.933+0000] {processor.py:183} INFO - Processing /opt/airflow/dags/f1_pipeline_dag.py took 0.076 seconds
[2026-04-25T23:09:41.162+0000] {processor.py:161} INFO - Started process (PID=279) to work on /opt/airflow/dags/f1_pipeline_dag.py
[2026-04-25T23:09:41.163+0000] {processor.py:830} INFO - Processing file /opt/airflow/dags/f1_pipeline_dag.py for tasks to queue
[2026-04-25T23:09:41.164+0000] {logging_mixin.py:188} INFO - [2026-04-25T23:09:41.163+0000] {dagbag.py:538} INFO - Filling up the DagBag from /opt/airflow/dags/f1_pipeline_dag.py
[2026-04-25T23:09:41.178+0000] {processor.py:840} INFO - DAG(s) 'f1_bigdata_pipeline' retrieved from /opt/airflow/dags/f1_pipeline_dag.py
[2026-04-25T23:09:41.210+0000] {logging_mixin.py:188} INFO - [2026-04-25T23:09:41.210+0000] {dag.py:3036} INFO - Sync 1 DAGs
[2026-04-25T23:09:41.224+0000] {logging_mixin.py:188} INFO - [2026-04-25T23:09:41.224+0000] {dag.py:3823} INFO - Setting next_dagrun for f1_bigdata_pipeline to 2026-04-20 06:00:00+00:00, run_after=2026-04-27 06:00:00+00:00
[2026-04-25T23:09:41.232+0000] {processor.py:183} INFO - Processing /opt/airflow/dags/f1_pipeline_dag.py took 0.075 seconds
[2026-04-25T23:10:11.449+0000] {processor.py:161} INFO - Started process (PID=284) to work on /opt/airflow/dags/f1_pipeline_dag.py
[2026-04-25T23:10:11.450+0000] {processor.py:830} INFO - Processing file /opt/airflow/dags/f1_pipeline_dag.py for tasks to queue
[2026-04-25T23:10:11.451+0000] {logging_mixin.py:188} INFO - [2026-04-25T23:10:11.450+0000] {dagbag.py:538} INFO - Filling up the DagBag from /opt/airflow/dags/f1_pipeline_dag.py
[2026-04-25T23:10:11.465+0000] {processor.py:840} INFO - DAG(s) 'f1_bigdata_pipeline' retrieved from /opt/airflow/dags/f1_pipeline_dag.py
[2026-04-25T23:10:11.509+0000] {logging_mixin.py:188} INFO - [2026-04-25T23:10:11.509+0000] {dag.py:3036} INFO - Sync 1 DAGs
[2026-04-25T23:10:11.523+0000] {logging_mixin.py:188} INFO - [2026-04-25T23:10:11.522+0000] {dag.py:3823} INFO - Setting next_dagrun for f1_bigdata_pipeline to 2026-04-20 06:00:00+00:00, run_after=2026-04-27 06:00:00+00:00
[2026-04-25T23:10:11.530+0000] {processor.py:183} INFO - Processing /opt/airflow/dags/f1_pipeline_dag.py took 0.084 seconds
[2026-04-25T23:10:41.755+0000] {processor.py:161} INFO - Started process (PID=289) to work on /opt/airflow/dags/f1_pipeline_dag.py
[2026-04-25T23:10:41.756+0000] {processor.py:830} INFO - Processing file /opt/airflow/dags/f1_pipeline_dag.py for tasks to queue
[2026-04-25T23:10:41.757+0000] {logging_mixin.py:188} INFO - [2026-04-25T23:10:41.757+0000] {dagbag.py:538} INFO - Filling up the DagBag from /opt/airflow/dags/f1_pipeline_dag.py
[2026-04-25T23:10:41.773+0000] {processor.py:840} INFO - DAG(s) 'f1_bigdata_pipeline' retrieved from /opt/airflow/dags/f1_pipeline_dag.py
[2026-04-25T23:10:41.795+0000] {logging_mixin.py:188} INFO - [2026-04-25T23:10:41.795+0000] {dag.py:3036} INFO - Sync 1 DAGs
[2026-04-25T23:10:41.811+0000] {logging_mixin.py:188} INFO - [2026-04-25T23:10:41.811+0000] {dag.py:3823} INFO - Setting next_dagrun for f1_bigdata_pipeline to 2026-04-20 06:00:00+00:00, run_after=2026-04-27 06:00:00+00:00
[2026-04-25T23:10:41.828+0000] {processor.py:183} INFO - Processing /opt/airflow/dags/f1_pipeline_dag.py took 0.077 seconds
[2026-04-25T23:11:12.054+0000] {processor.py:161} INFO - Started process (PID=294) to work on /opt/airflow/dags/f1_pipeline_dag.py
[2026-04-25T23:11:12.056+0000] {processor.py:830} INFO - Processing file /opt/airflow/dags/f1_pipeline_dag.py for tasks to queue
[2026-04-25T23:11:12.057+0000] {logging_mixin.py:188} INFO - [2026-04-25T23:11:12.056+0000] {dagbag.py:538} INFO - Filling up the DagBag from /opt/airflow/dags/f1_pipeline_dag.py
[2026-04-25T23:11:12.071+0000] {processor.py:840} INFO - DAG(s) 'f1_bigdata_pipeline' retrieved from /opt/airflow/dags/f1_pipeline_dag.py
[2026-04-25T23:11:12.093+0000] {logging_mixin.py:188} INFO - [2026-04-25T23:11:12.093+0000] {dag.py:3036} INFO - Sync 1 DAGs
[2026-04-25T23:11:12.105+0000] {logging_mixin.py:188} INFO - [2026-04-25T23:11:12.105+0000] {dag.py:3823} INFO - Setting next_dagrun for f1_bigdata_pipeline to 2026-04-20 06:00:00+00:00, run_after=2026-04-27 06:00:00+00:00
[2026-04-25T23:11:12.121+0000] {processor.py:183} INFO - Processing /opt/airflow/dags/f1_pipeline_dag.py took 0.070 seconds
[2026-04-25T23:11:42.332+0000] {processor.py:161} INFO - Started process (PID=299) to work on /opt/airflow/dags/f1_pipeline_dag.py
[2026-04-25T23:11:42.333+0000] {processor.py:830} INFO - Processing file /opt/airflow/dags/f1_pipeline_dag.py for tasks to queue
[2026-04-25T23:11:42.334+0000] {logging_mixin.py:188} INFO - [2026-04-25T23:11:42.334+0000] {dagbag.py:538} INFO - Filling up the DagBag from /opt/airflow/dags/f1_pipeline_dag.py
[2026-04-25T23:11:42.363+0000] {processor.py:840} INFO - DAG(s) 'f1_bigdata_pipeline' retrieved from /opt/airflow/dags/f1_pipeline_dag.py
[2026-04-25T23:11:42.386+0000] {logging_mixin.py:188} INFO - [2026-04-25T23:11:42.386+0000] {dag.py:3036} INFO - Sync 1 DAGs
[2026-04-25T23:11:42.398+0000] {logging_mixin.py:188} INFO - [2026-04-25T23:11:42.398+0000] {dag.py:3823} INFO - Setting next_dagrun for f1_bigdata_pipeline to 2026-04-20 06:00:00+00:00, run_after=2026-04-27 06:00:00+00:00
[2026-04-25T23:11:42.406+0000] {processor.py:183} INFO - Processing /opt/airflow/dags/f1_pipeline_dag.py took 0.078 seconds
[2026-04-25T23:12:12.628+0000] {processor.py:161} INFO - Started process (PID=304) to work on /opt/airflow/dags/f1_pipeline_dag.py
[2026-04-25T23:12:12.631+0000] {processor.py:830} INFO - Processing file /opt/airflow/dags/f1_pipeline_dag.py for tasks to queue
[2026-04-25T23:12:12.632+0000] {logging_mixin.py:188} INFO - [2026-04-25T23:12:12.631+0000] {dagbag.py:538} INFO - Filling up the DagBag from /opt/airflow/dags/f1_pipeline_dag.py
[2026-04-25T23:12:12.645+0000] {processor.py:840} INFO - DAG(s) 'f1_bigdata_pipeline' retrieved from /opt/airflow/dags/f1_pipeline_dag.py
[2026-04-25T23:12:12.665+0000] {logging_mixin.py:188} INFO - [2026-04-25T23:12:12.665+0000] {dag.py:3036} INFO - Sync 1 DAGs
[2026-04-25T23:12:12.683+0000] {logging_mixin.py:188} INFO - [2026-04-25T23:12:12.683+0000] {dag.py:3823} INFO - Setting next_dagrun for f1_bigdata_pipeline to 2026-04-20 06:00:00+00:00, run_after=2026-04-27 06:00:00+00:00
[2026-04-25T23:12:12.699+0000] {processor.py:183} INFO - Processing /opt/airflow/dags/f1_pipeline_dag.py took 0.075 seconds
[2026-04-25T23:12:42.921+0000] {processor.py:161} INFO - Started process (PID=309) to work on /opt/airflow/dags/f1_pipeline_dag.py
[2026-04-25T23:12:42.922+0000] {processor.py:830} INFO - Processing file /opt/airflow/dags/f1_pipeline_dag.py for tasks to queue
[2026-04-25T23:12:42.923+0000] {logging_mixin.py:188} INFO - [2026-04-25T23:12:42.923+0000] {dagbag.py:538} INFO - Filling up the DagBag from /opt/airflow/dags/f1_pipeline_dag.py
[2026-04-25T23:12:42.945+0000] {processor.py:840} INFO - DAG(s) 'f1_bigdata_pipeline' retrieved from /opt/airflow/dags/f1_pipeline_dag.py
[2026-04-25T23:12:42.975+0000] {logging_mixin.py:188} INFO - [2026-04-25T23:12:42.975+0000] {dag.py:3036} INFO - Sync 1 DAGs
[2026-04-25T23:12:42.988+0000] {logging_mixin.py:188} INFO - [2026-04-25T23:12:42.988+0000] {dag.py:3823} INFO - Setting next_dagrun for f1_bigdata_pipeline to 2026-04-20 06:00:00+00:00, run_after=2026-04-27 06:00:00+00:00
[2026-04-25T23:12:42.996+0000] {processor.py:183} INFO - Processing /opt/airflow/dags/f1_pipeline_dag.py took 0.079 seconds
[2026-04-25T23:13:13.219+0000] {processor.py:161} INFO - Started process (PID=314) to work on /opt/airflow/dags/f1_pipeline_dag.py
[2026-04-25T23:13:13.221+0000] {processor.py:830} INFO - Processing file /opt/airflow/dags/f1_pipeline_dag.py for tasks to queue
[2026-04-25T23:13:13.222+0000] {logging_mixin.py:188} INFO - [2026-04-25T23:13:13.221+0000] {dagbag.py:538} INFO - Filling up the DagBag from /opt/airflow/dags/f1_pipeline_dag.py
[2026-04-25T23:13:13.237+0000] {processor.py:840} INFO - DAG(s) 'f1_bigdata_pipeline' retrieved from /opt/airflow/dags/f1_pipeline_dag.py
[2026-04-25T23:13:13.258+0000] {logging_mixin.py:188} INFO - [2026-04-25T23:13:13.258+0000] {dag.py:3036} INFO - Sync 1 DAGs
[2026-04-25T23:13:13.271+0000] {logging_mixin.py:188} INFO - [2026-04-25T23:13:13.271+0000] {dag.py:3823} INFO - Setting next_dagrun for f1_bigdata_pipeline to 2026-04-20 06:00:00+00:00, run_after=2026-04-27 06:00:00+00:00
[2026-04-25T23:13:13.279+0000] {processor.py:183} INFO - Processing /opt/airflow/dags/f1_pipeline_dag.py took 0.063 seconds
[2026-04-25T23:13:43.555+0000] {processor.py:161} INFO - Started process (PID=319) to work on /opt/airflow/dags/f1_pipeline_dag.py
[2026-04-25T23:13:43.559+0000] {processor.py:830} INFO - Processing file /opt/airflow/dags/f1_pipeline_dag.py for tasks to queue
[2026-04-25T23:13:43.560+0000] {logging_mixin.py:188} INFO - [2026-04-25T23:13:43.559+0000] {dagbag.py:538} INFO - Filling up the DagBag from /opt/airflow/dags/f1_pipeline_dag.py
[2026-04-25T23:13:43.575+0000] {processor.py:840} INFO - DAG(s) 'f1_bigdata_pipeline' retrieved from /opt/airflow/dags/f1_pipeline_dag.py
[2026-04-25T23:13:43.595+0000] {logging_mixin.py:188} INFO - [2026-04-25T23:13:43.595+0000] {dag.py:3036} INFO - Sync 1 DAGs
[2026-04-25T23:13:43.608+0000] {logging_mixin.py:188} INFO - [2026-04-25T23:13:43.607+0000] {dag.py:3823} INFO - Setting next_dagrun for f1_bigdata_pipeline to 2026-04-20 06:00:00+00:00, run_after=2026-04-27 06:00:00+00:00
[2026-04-25T23:13:43.615+0000] {processor.py:183} INFO - Processing /opt/airflow/dags/f1_pipeline_dag.py took 0.064 seconds
[2026-04-25T23:14:13.892+0000] {processor.py:161} INFO - Started process (PID=324) to work on /opt/airflow/dags/f1_pipeline_dag.py
[2026-04-25T23:14:13.893+0000] {processor.py:830} INFO - Processing file /opt/airflow/dags/f1_pipeline_dag.py for tasks to queue
[2026-04-25T23:14:13.894+0000] {logging_mixin.py:188} INFO - [2026-04-25T23:14:13.894+0000] {dagbag.py:538} INFO - Filling up the DagBag from /opt/airflow/dags/f1_pipeline_dag.py
[2026-04-25T23:14:13.909+0000] {processor.py:840} INFO - DAG(s) 'f1_bigdata_pipeline' retrieved from /opt/airflow/dags/f1_pipeline_dag.py
[2026-04-25T23:14:13.952+0000] {logging_mixin.py:188} INFO - [2026-04-25T23:14:13.951+0000] {dag.py:3036} INFO - Sync 1 DAGs
[2026-04-25T23:14:13.964+0000] {logging_mixin.py:188} INFO - [2026-04-25T23:14:13.964+0000] {dag.py:3823} INFO - Setting next_dagrun for f1_bigdata_pipeline to 2026-04-20 06:00:00+00:00, run_after=2026-04-27 06:00:00+00:00
[2026-04-25T23:14:13.972+0000] {processor.py:183} INFO - Processing /opt/airflow/dags/f1_pipeline_dag.py took 0.084 seconds
[2026-04-25T23:14:44.208+0000] {processor.py:161} INFO - Started process (PID=329) to work on /opt/airflow/dags/f1_pipeline_dag.py
[2026-04-25T23:14:44.209+0000] {processor.py:830} INFO - Processing file /opt/airflow/dags/f1_pipeline_dag.py for tasks to queue
[2026-04-25T23:14:44.210+0000] {logging_mixin.py:188} INFO - [2026-04-25T23:14:44.210+0000] {dagbag.py:538} INFO - Filling up the DagBag from /opt/airflow/dags/f1_pipeline_dag.py
[2026-04-25T23:14:44.223+0000] {processor.py:840} INFO - DAG(s) 'f1_bigdata_pipeline' retrieved from /opt/airflow/dags/f1_pipeline_dag.py
[2026-04-25T23:14:44.258+0000] {logging_mixin.py:188} INFO - [2026-04-25T23:14:44.258+0000] {dag.py:3036} INFO - Sync 1 DAGs
[2026-04-25T23:14:44.270+0000] {logging_mixin.py:188} INFO - [2026-04-25T23:14:44.270+0000] {dag.py:3823} INFO - Setting next_dagrun for f1_bigdata_pipeline to 2026-04-20 06:00:00+00:00, run_after=2026-04-27 06:00:00+00:00
[2026-04-25T23:14:44.278+0000] {processor.py:183} INFO - Processing /opt/airflow/dags/f1_pipeline_dag.py took 0.075 seconds
[2026-04-25T23:15:14.469+0000] {processor.py:161} INFO - Started process (PID=334) to work on /opt/airflow/dags/f1_pipeline_dag.py
[2026-04-25T23:15:14.470+0000] {processor.py:830} INFO - Processing file /opt/airflow/dags/f1_pipeline_dag.py for tasks to queue
[2026-04-25T23:15:14.471+0000] {logging_mixin.py:188} INFO - [2026-04-25T23:15:14.470+0000] {dagbag.py:538} INFO - Filling up the DagBag from /opt/airflow/dags/f1_pipeline_dag.py
[2026-04-25T23:15:14.484+0000] {processor.py:840} INFO - DAG(s) 'f1_bigdata_pipeline' retrieved from /opt/airflow/dags/f1_pipeline_dag.py
[2026-04-25T23:15:14.505+0000] {logging_mixin.py:188} INFO - [2026-04-25T23:15:14.505+0000] {dag.py:3036} INFO - Sync 1 DAGs
[2026-04-25T23:15:14.518+0000] {logging_mixin.py:188} INFO - [2026-04-25T23:15:14.518+0000] {dag.py:3823} INFO - Setting next_dagrun for f1_bigdata_pipeline to 2026-04-20 06:00:00+00:00, run_after=2026-04-27 06:00:00+00:00
[2026-04-25T23:15:14.525+0000] {processor.py:183} INFO - Processing /opt/airflow/dags/f1_pipeline_dag.py took 0.063 seconds
[2026-04-25T23:15:44.733+0000] {processor.py:161} INFO - Started process (PID=339) to work on /opt/airflow/dags/f1_pipeline_dag.py
[2026-04-25T23:15:44.734+0000] {processor.py:830} INFO - Processing file /opt/airflow/dags/f1_pipeline_dag.py for tasks to queue
[2026-04-25T23:15:44.734+0000] {logging_mixin.py:188} INFO - [2026-04-25T23:15:44.734+0000] {dagbag.py:538} INFO - Filling up the DagBag from /opt/airflow/dags/f1_pipeline_dag.py
[2026-04-25T23:15:44.748+0000] {processor.py:840} INFO - DAG(s) 'f1_bigdata_pipeline' retrieved from /opt/airflow/dags/f1_pipeline_dag.py
[2026-04-25T23:15:44.771+0000] {logging_mixin.py:188} INFO - [2026-04-25T23:15:44.771+0000] {dag.py:3036} INFO - Sync 1 DAGs
[2026-04-25T23:15:44.783+0000] {logging_mixin.py:188} INFO - [2026-04-25T23:15:44.783+0000] {dag.py:3823} INFO - Setting next_dagrun for f1_bigdata_pipeline to 2026-04-20 06:00:00+00:00, run_after=2026-04-27 06:00:00+00:00
[2026-04-25T23:15:44.791+0000] {processor.py:183} INFO - Processing /opt/airflow/dags/f1_pipeline_dag.py took 0.062 seconds
[2026-04-25T23:16:15.021+0000] {processor.py:161} INFO - Started process (PID=344) to work on /opt/airflow/dags/f1_pipeline_dag.py
[2026-04-25T23:16:15.023+0000] {processor.py:830} INFO - Processing file /opt/airflow/dags/f1_pipeline_dag.py for tasks to queue
[2026-04-25T23:16:15.024+0000] {logging_mixin.py:188} INFO - [2026-04-25T23:16:15.023+0000] {dagbag.py:538} INFO - Filling up the DagBag from /opt/airflow/dags/f1_pipeline_dag.py
[2026-04-25T23:16:15.041+0000] {processor.py:840} INFO - DAG(s) 'f1_bigdata_pipeline' retrieved from /opt/airflow/dags/f1_pipeline_dag.py
[2026-04-25T23:16:15.080+0000] {logging_mixin.py:188} INFO - [2026-04-25T23:16:15.080+0000] {dag.py:3036} INFO - Sync 1 DAGs
[2026-04-25T23:16:15.093+0000] {logging_mixin.py:188} INFO - [2026-04-25T23:16:15.093+0000] {dag.py:3823} INFO - Setting next_dagrun for f1_bigdata_pipeline to 2026-04-20 06:00:00+00:00, run_after=2026-04-27 06:00:00+00:00
[2026-04-25T23:16:15.100+0000] {processor.py:183} INFO - Processing /opt/airflow/dags/f1_pipeline_dag.py took 0.083 seconds
[2026-04-25T23:16:45.450+0000] {processor.py:161} INFO - Started process (PID=349) to work on /opt/airflow/dags/f1_pipeline_dag.py
[2026-04-25T23:16:45.450+0000] {processor.py:830} INFO - Processing file /opt/airflow/dags/f1_pipeline_dag.py for tasks to queue
[2026-04-25T23:16:45.451+0000] {logging_mixin.py:188} INFO - [2026-04-25T23:16:45.451+0000] {dagbag.py:538} INFO - Filling up the DagBag from /opt/airflow/dags/f1_pipeline_dag.py
[2026-04-25T23:16:45.464+0000] {processor.py:840} INFO - DAG(s) 'f1_bigdata_pipeline' retrieved from /opt/airflow/dags/f1_pipeline_dag.py
[2026-04-25T23:16:45.483+0000] {logging_mixin.py:188} INFO - [2026-04-25T23:16:45.483+0000] {dag.py:3036} INFO - Sync 1 DAGs
[2026-04-25T23:16:45.495+0000] {logging_mixin.py:188} INFO - [2026-04-25T23:16:45.495+0000] {dag.py:3823} INFO - Setting next_dagrun for f1_bigdata_pipeline to 2026-04-20 06:00:00+00:00, run_after=2026-04-27 06:00:00+00:00
[2026-04-25T23:16:45.513+0000] {processor.py:183} INFO - Processing /opt/airflow/dags/f1_pipeline_dag.py took 0.066 seconds
[2026-04-25T23:34:47.503+0000] {processor.py:161} INFO - Started process (PID=354) to work on /opt/airflow/dags/f1_pipeline_dag.py
[2026-04-25T23:34:47.505+0000] {processor.py:830} INFO - Processing file /opt/airflow/dags/f1_pipeline_dag.py for tasks to queue
[2026-04-25T23:34:47.506+0000] {logging_mixin.py:188} INFO - [2026-04-25T23:34:47.505+0000] {dagbag.py:538} INFO - Filling up the DagBag from /opt/airflow/dags/f1_pipeline_dag.py
[2026-04-25T23:34:47.526+0000] {processor.py:840} INFO - DAG(s) 'f1_bigdata_pipeline' retrieved from /opt/airflow/dags/f1_pipeline_dag.py
[2026-04-25T23:34:47.573+0000] {logging_mixin.py:188} INFO - [2026-04-25T23:34:47.573+0000] {dag.py:3036} INFO - Sync 1 DAGs
[2026-04-25T23:34:47.595+0000] {logging_mixin.py:188} INFO - [2026-04-25T23:34:47.594+0000] {dag.py:3823} INFO - Setting next_dagrun for f1_bigdata_pipeline to 2026-04-20 06:00:00+00:00, run_after=2026-04-27 06:00:00+00:00
[2026-04-25T23:34:47.603+0000] {processor.py:183} INFO - Processing /opt/airflow/dags/f1_pipeline_dag.py took 0.105 seconds
[2026-04-25T23:36:48.739+0000] {processor.py:161} INFO - Started process (PID=363) to work on /opt/airflow/dags/f1_pipeline_dag.py
[2026-04-25T23:36:48.740+0000] {processor.py:830} INFO - Processing file /opt/airflow/dags/f1_pipeline_dag.py for tasks to queue
[2026-04-25T23:36:48.741+0000] {logging_mixin.py:188} INFO - [2026-04-25T23:36:48.741+0000] {dagbag.py:538} INFO - Filling up the DagBag from /opt/airflow/dags/f1_pipeline_dag.py
[2026-04-25T23:36:48.770+0000] {processor.py:840} INFO - DAG(s) 'f1_bigdata_pipeline' retrieved from /opt/airflow/dags/f1_pipeline_dag.py
[2026-04-25T23:36:48.794+0000] {logging_mixin.py:188} INFO - [2026-04-25T23:36:48.793+0000] {dag.py:3036} INFO - Sync 1 DAGs
[2026-04-25T23:36:48.807+0000] {logging_mixin.py:188} INFO - [2026-04-25T23:36:48.807+0000] {dag.py:3823} INFO - Setting next_dagrun for f1_bigdata_pipeline to 2026-04-20 06:00:00+00:00, run_after=2026-04-27 06:00:00+00:00
[2026-04-25T23:36:48.815+0000] {processor.py:183} INFO - Processing /opt/airflow/dags/f1_pipeline_dag.py took 0.082 seconds
[2026-04-25T23:37:19.073+0000] {processor.py:161} INFO - Started process (PID=368) to work on /opt/airflow/dags/f1_pipeline_dag.py
[2026-04-25T23:37:19.075+0000] {processor.py:830} INFO - Processing file /opt/airflow/dags/f1_pipeline_dag.py for tasks to queue
[2026-04-25T23:37:19.075+0000] {logging_mixin.py:188} INFO - [2026-04-25T23:37:19.075+0000] {dagbag.py:538} INFO - Filling up the DagBag from /opt/airflow/dags/f1_pipeline_dag.py
[2026-04-25T23:37:19.095+0000] {processor.py:840} INFO - DAG(s) 'f1_bigdata_pipeline' retrieved from /opt/airflow/dags/f1_pipeline_dag.py
[2026-04-25T23:37:19.159+0000] {logging_mixin.py:188} INFO - [2026-04-25T23:37:19.159+0000] {dag.py:3036} INFO - Sync 1 DAGs
[2026-04-25T23:37:19.177+0000] {logging_mixin.py:188} INFO - [2026-04-25T23:37:19.177+0000] {dag.py:3823} INFO - Setting next_dagrun for f1_bigdata_pipeline to 2026-04-20 06:00:00+00:00, run_after=2026-04-27 06:00:00+00:00
[2026-04-25T23:37:19.191+0000] {processor.py:183} INFO - Processing /opt/airflow/dags/f1_pipeline_dag.py took 0.122 seconds
[2026-04-25T23:37:50.243+0000] {processor.py:161} INFO - Started process (PID=373) to work on /opt/airflow/dags/f1_pipeline_dag.py
[2026-04-25T23:37:50.245+0000] {processor.py:830} INFO - Processing file /opt/airflow/dags/f1_pipeline_dag.py for tasks to queue
[2026-04-25T23:37:50.250+0000] {logging_mixin.py:188} INFO - [2026-04-25T23:37:50.247+0000] {dagbag.py:538} INFO - Filling up the DagBag from /opt/airflow/dags/f1_pipeline_dag.py
[2026-04-25T23:37:50.285+0000] {processor.py:840} INFO - DAG(s) 'f1_bigdata_pipeline' retrieved from /opt/airflow/dags/f1_pipeline_dag.py
[2026-04-25T23:37:50.338+0000] {logging_mixin.py:188} INFO - [2026-04-25T23:37:50.338+0000] {dag.py:3036} INFO - Sync 1 DAGs
[2026-04-25T23:37:50.363+0000] {logging_mixin.py:188} INFO - [2026-04-25T23:37:50.362+0000] {dag.py:3823} INFO - Setting next_dagrun for f1_bigdata_pipeline to 2026-04-20 06:00:00+00:00, run_after=2026-04-27 06:00:00+00:00
[2026-04-25T23:37:50.372+0000] {processor.py:183} INFO - Processing /opt/airflow/dags/f1_pipeline_dag.py took 0.134 seconds
[2026-04-25T23:38:20.524+0000] {processor.py:161} INFO - Started process (PID=378) to work on /opt/airflow/dags/f1_pipeline_dag.py
[2026-04-25T23:38:20.526+0000] {processor.py:830} INFO - Processing file /opt/airflow/dags/f1_pipeline_dag.py for tasks to queue
[2026-04-25T23:38:20.527+0000] {logging_mixin.py:188} INFO - [2026-04-25T23:38:20.527+0000] {dagbag.py:538} INFO - Filling up the DagBag from /opt/airflow/dags/f1_pipeline_dag.py
[2026-04-25T23:38:20.548+0000] {processor.py:840} INFO - DAG(s) 'f1_bigdata_pipeline' retrieved from /opt/airflow/dags/f1_pipeline_dag.py
[2026-04-25T23:38:20.590+0000] {logging_mixin.py:188} INFO - [2026-04-25T23:38:20.590+0000] {dag.py:3036} INFO - Sync 1 DAGs
[2026-04-25T23:38:20.608+0000] {logging_mixin.py:188} INFO - [2026-04-25T23:38:20.608+0000] {dag.py:3823} INFO - Setting next_dagrun for f1_bigdata_pipeline to 2026-04-20 06:00:00+00:00, run_after=2026-04-27 06:00:00+00:00
[2026-04-25T23:38:20.619+0000] {processor.py:183} INFO - Processing /opt/airflow/dags/f1_pipeline_dag.py took 0.098 seconds
[2026-04-25T23:38:51.069+0000] {processor.py:161} INFO - Started process (PID=383) to work on /opt/airflow/dags/f1_pipeline_dag.py
[2026-04-25T23:38:51.080+0000] {processor.py:830} INFO - Processing file /opt/airflow/dags/f1_pipeline_dag.py for tasks to queue
[2026-04-25T23:38:51.081+0000] {logging_mixin.py:188} INFO - [2026-04-25T23:38:51.080+0000] {dagbag.py:538} INFO - Filling up the DagBag from /opt/airflow/dags/f1_pipeline_dag.py
[2026-04-25T23:38:51.096+0000] {processor.py:840} INFO - DAG(s) 'f1_bigdata_pipeline' retrieved from /opt/airflow/dags/f1_pipeline_dag.py
[2026-04-25T23:38:51.120+0000] {logging_mixin.py:188} INFO - [2026-04-25T23:38:51.119+0000] {dag.py:3036} INFO - Sync 1 DAGs
[2026-04-25T23:38:51.144+0000] {logging_mixin.py:188} INFO - [2026-04-25T23:38:51.144+0000] {dag.py:3823} INFO - Setting next_dagrun for f1_bigdata_pipeline to 2026-04-20 06:00:00+00:00, run_after=2026-04-27 06:00:00+00:00
[2026-04-25T23:38:51.155+0000] {processor.py:183} INFO - Processing /opt/airflow/dags/f1_pipeline_dag.py took 0.096 seconds
[2026-04-25T23:39:21.409+0000] {processor.py:161} INFO - Started process (PID=388) to work on /opt/airflow/dags/f1_pipeline_dag.py
[2026-04-25T23:39:21.411+0000] {processor.py:830} INFO - Processing file /opt/airflow/dags/f1_pipeline_dag.py for tasks to queue
[2026-04-25T23:39:21.412+0000] {logging_mixin.py:188} INFO - [2026-04-25T23:39:21.411+0000] {dagbag.py:538} INFO - Filling up the DagBag from /opt/airflow/dags/f1_pipeline_dag.py
[2026-04-25T23:39:21.443+0000] {processor.py:840} INFO - DAG(s) 'f1_bigdata_pipeline' retrieved from /opt/airflow/dags/f1_pipeline_dag.py
[2026-04-25T23:39:21.472+0000] {logging_mixin.py:188} INFO - [2026-04-25T23:39:21.472+0000] {dag.py:3036} INFO - Sync 1 DAGs
[2026-04-25T23:39:21.486+0000] {logging_mixin.py:188} INFO - [2026-04-25T23:39:21.486+0000] {dag.py:3823} INFO - Setting next_dagrun for f1_bigdata_pipeline to 2026-04-20 06:00:00+00:00, run_after=2026-04-27 06:00:00+00:00
[2026-04-25T23:39:21.496+0000] {processor.py:183} INFO - Processing /opt/airflow/dags/f1_pipeline_dag.py took 0.091 seconds
[2026-04-25T23:39:51.929+0000] {processor.py:161} INFO - Started process (PID=405) to work on /opt/airflow/dags/f1_pipeline_dag.py
[2026-04-25T23:39:51.930+0000] {processor.py:830} INFO - Processing file /opt/airflow/dags/f1_pipeline_dag.py for tasks to queue
[2026-04-25T23:39:51.931+0000] {logging_mixin.py:188} INFO - [2026-04-25T23:39:51.930+0000] {dagbag.py:538} INFO - Filling up the DagBag from /opt/airflow/dags/f1_pipeline_dag.py
[2026-04-25T23:39:51.947+0000] {processor.py:840} INFO - DAG(s) 'f1_bigdata_pipeline' retrieved from /opt/airflow/dags/f1_pipeline_dag.py
[2026-04-25T23:39:51.993+0000] {logging_mixin.py:188} INFO - [2026-04-25T23:39:51.993+0000] {dag.py:3036} INFO - Sync 1 DAGs
[2026-04-25T23:39:52.028+0000] {logging_mixin.py:188} INFO - [2026-04-25T23:39:52.028+0000] {dag.py:3823} INFO - Setting next_dagrun for f1_bigdata_pipeline to 2026-04-20 06:00:00+00:00, run_after=2026-04-27 06:00:00+00:00
[2026-04-25T23:39:52.043+0000] {processor.py:183} INFO - Processing /opt/airflow/dags/f1_pipeline_dag.py took 0.119 seconds
[2026-04-25T23:40:22.286+0000] {processor.py:161} INFO - Started process (PID=421) to work on /opt/airflow/dags/f1_pipeline_dag.py
[2026-04-25T23:40:22.290+0000] {processor.py:830} INFO - Processing file /opt/airflow/dags/f1_pipeline_dag.py for tasks to queue
[2026-04-25T23:40:22.291+0000] {logging_mixin.py:188} INFO - [2026-04-25T23:40:22.291+0000] {dagbag.py:538} INFO - Filling up the DagBag from /opt/airflow/dags/f1_pipeline_dag.py
[2026-04-25T23:40:22.333+0000] {processor.py:840} INFO - DAG(s) 'f1_bigdata_pipeline' retrieved from /opt/airflow/dags/f1_pipeline_dag.py
[2026-04-25T23:40:22.395+0000] {logging_mixin.py:188} INFO - [2026-04-25T23:40:22.394+0000] {dag.py:3036} INFO - Sync 1 DAGs
[2026-04-25T23:40:22.416+0000] {logging_mixin.py:188} INFO - [2026-04-25T23:40:22.416+0000] {dag.py:3823} INFO - Setting next_dagrun for f1_bigdata_pipeline to 2026-04-20 06:00:00+00:00, run_after=2026-04-27 06:00:00+00:00
[2026-04-25T23:40:22.465+0000] {processor.py:183} INFO - Processing /opt/airflow/dags/f1_pipeline_dag.py took 0.184 seconds
[2026-04-25T23:40:52.706+0000] {processor.py:161} INFO - Started process (PID=426) to work on /opt/airflow/dags/f1_pipeline_dag.py
[2026-04-25T23:40:52.708+0000] {processor.py:830} INFO - Processing file /opt/airflow/dags/f1_pipeline_dag.py for tasks to queue
[2026-04-25T23:40:52.709+0000] {logging_mixin.py:188} INFO - [2026-04-25T23:40:52.708+0000] {dagbag.py:538} INFO - Filling up the DagBag from /opt/airflow/dags/f1_pipeline_dag.py
[2026-04-25T23:40:52.758+0000] {processor.py:840} INFO - DAG(s) 'f1_bigdata_pipeline' retrieved from /opt/airflow/dags/f1_pipeline_dag.py
[2026-04-25T23:40:52.785+0000] {logging_mixin.py:188} INFO - [2026-04-25T23:40:52.785+0000] {dag.py:3036} INFO - Sync 1 DAGs
[2026-04-25T23:40:52.816+0000] {logging_mixin.py:188} INFO - [2026-04-25T23:40:52.815+0000] {dag.py:3823} INFO - Setting next_dagrun for f1_bigdata_pipeline to 2026-04-20 06:00:00+00:00, run_after=2026-04-27 06:00:00+00:00
[2026-04-25T23:40:52.834+0000] {processor.py:183} INFO - Processing /opt/airflow/dags/f1_pipeline_dag.py took 0.132 seconds
[2026-04-25T23:41:23.544+0000] {processor.py:161} INFO - Started process (PID=431) to work on /opt/airflow/dags/f1_pipeline_dag.py
[2026-04-25T23:41:23.547+0000] {processor.py:830} INFO - Processing file /opt/airflow/dags/f1_pipeline_dag.py for tasks to queue
[2026-04-25T23:41:23.556+0000] {logging_mixin.py:188} INFO - [2026-04-25T23:41:23.550+0000] {dagbag.py:538} INFO - Filling up the DagBag from /opt/airflow/dags/f1_pipeline_dag.py
[2026-04-25T23:41:23.600+0000] {processor.py:840} INFO - DAG(s) 'f1_bigdata_pipeline' retrieved from /opt/airflow/dags/f1_pipeline_dag.py
[2026-04-25T23:41:23.648+0000] {logging_mixin.py:188} INFO - [2026-04-25T23:41:23.648+0000] {dag.py:3036} INFO - Sync 1 DAGs
[2026-04-25T23:41:23.664+0000] {logging_mixin.py:188} INFO - [2026-04-25T23:41:23.664+0000] {dag.py:3823} INFO - Setting next_dagrun for f1_bigdata_pipeline to 2026-04-20 06:00:00+00:00, run_after=2026-04-27 06:00:00+00:00
[2026-04-25T23:41:23.687+0000] {processor.py:183} INFO - Processing /opt/airflow/dags/f1_pipeline_dag.py took 0.149 seconds
[2026-04-25T23:41:54.093+0000] {processor.py:161} INFO - Started process (PID=436) to work on /opt/airflow/dags/f1_pipeline_dag.py
[2026-04-25T23:41:54.095+0000] {processor.py:830} INFO - Processing file /opt/airflow/dags/f1_pipeline_dag.py for tasks to queue
[2026-04-25T23:41:54.096+0000] {logging_mixin.py:188} INFO - [2026-04-25T23:41:54.095+0000] {dagbag.py:538} INFO - Filling up the DagBag from /opt/airflow/dags/f1_pipeline_dag.py
[2026-04-25T23:41:54.113+0000] {processor.py:840} INFO - DAG(s) 'f1_bigdata_pipeline' retrieved from /opt/airflow/dags/f1_pipeline_dag.py
[2026-04-25T23:41:54.144+0000] {logging_mixin.py:188} INFO - [2026-04-25T23:41:54.143+0000] {dag.py:3036} INFO - Sync 1 DAGs
[2026-04-25T23:41:54.172+0000] {logging_mixin.py:188} INFO - [2026-04-25T23:41:54.171+0000] {dag.py:3823} INFO - Setting next_dagrun for f1_bigdata_pipeline to 2026-04-20 06:00:00+00:00, run_after=2026-04-27 06:00:00+00:00
[2026-04-25T23:41:54.182+0000] {processor.py:183} INFO - Processing /opt/airflow/dags/f1_pipeline_dag.py took 0.112 seconds
[2026-04-25T23:42:24.468+0000] {processor.py:161} INFO - Started process (PID=441) to work on /opt/airflow/dags/f1_pipeline_dag.py
[2026-04-25T23:42:24.472+0000] {processor.py:830} INFO - Processing file /opt/airflow/dags/f1_pipeline_dag.py for tasks to queue
[2026-04-25T23:42:24.473+0000] {logging_mixin.py:188} INFO - [2026-04-25T23:42:24.472+0000] {dagbag.py:538} INFO - Filling up the DagBag from /opt/airflow/dags/f1_pipeline_dag.py
[2026-04-25T23:42:24.503+0000] {processor.py:840} INFO - DAG(s) 'f1_bigdata_pipeline' retrieved from /opt/airflow/dags/f1_pipeline_dag.py
[2026-04-25T23:42:24.535+0000] {logging_mixin.py:188} INFO - [2026-04-25T23:42:24.535+0000] {dag.py:3036} INFO - Sync 1 DAGs
[2026-04-25T23:42:24.562+0000] {logging_mixin.py:188} INFO - [2026-04-25T23:42:24.562+0000] {dag.py:3823} INFO - Setting next_dagrun for f1_bigdata_pipeline to 2026-04-20 06:00:00+00:00, run_after=2026-04-27 06:00:00+00:00
[2026-04-25T23:42:24.574+0000] {processor.py:183} INFO - Processing /opt/airflow/dags/f1_pipeline_dag.py took 0.110 seconds
[2026-04-25T23:42:55.021+0000] {processor.py:161} INFO - Started process (PID=446) to work on /opt/airflow/dags/f1_pipeline_dag.py
[2026-04-25T23:42:55.025+0000] {processor.py:830} INFO - Processing file /opt/airflow/dags/f1_pipeline_dag.py for tasks to queue
[2026-04-25T23:42:55.027+0000] {logging_mixin.py:188} INFO - [2026-04-25T23:42:55.026+0000] {dagbag.py:538} INFO - Filling up the DagBag from /opt/airflow/dags/f1_pipeline_dag.py
[2026-04-25T23:42:55.064+0000] {processor.py:840} INFO - DAG(s) 'f1_bigdata_pipeline' retrieved from /opt/airflow/dags/f1_pipeline_dag.py
[2026-04-25T23:42:55.098+0000] {logging_mixin.py:188} INFO - [2026-04-25T23:42:55.098+0000] {dag.py:3036} INFO - Sync 1 DAGs
[2026-04-25T23:42:55.121+0000] {logging_mixin.py:188} INFO - [2026-04-25T23:42:55.121+0000] {dag.py:3823} INFO - Setting next_dagrun for f1_bigdata_pipeline to 2026-04-20 06:00:00+00:00, run_after=2026-04-27 06:00:00+00:00
[2026-04-25T23:42:55.132+0000] {processor.py:183} INFO - Processing /opt/airflow/dags/f1_pipeline_dag.py took 0.115 seconds
[2026-04-25T23:44:22.869+0000] {processor.py:161} INFO - Started process (PID=451) to work on /opt/airflow/dags/f1_pipeline_dag.py
[2026-04-25T23:44:23.143+0000] {processor.py:830} INFO - Processing file /opt/airflow/dags/f1_pipeline_dag.py for tasks to queue
[2026-04-25T23:44:23.216+0000] {logging_mixin.py:188} INFO - [2026-04-25T23:44:23.202+0000] {dagbag.py:538} INFO - Filling up the DagBag from /opt/airflow/dags/f1_pipeline_dag.py
[2026-04-25T23:44:24.590+0000] {processor.py:840} INFO - DAG(s) 'f1_bigdata_pipeline' retrieved from /opt/airflow/dags/f1_pipeline_dag.py
[2026-04-25T23:44:26.312+0000] {logging_mixin.py:188} INFO - [2026-04-25T23:44:26.291+0000] {dag.py:3036} INFO - Sync 1 DAGs
[2026-04-25T23:44:26.775+0000] {logging_mixin.py:188} INFO - [2026-04-25T23:44:26.772+0000] {dag.py:3823} INFO - Setting next_dagrun for f1_bigdata_pipeline to 2026-04-20 06:00:00+00:00, run_after=2026-04-27 06:00:00+00:00
[2026-04-25T23:44:26.888+0000] {processor.py:183} INFO - Processing /opt/airflow/dags/f1_pipeline_dag.py took 4.743 seconds
[2026-04-25T23:44:59.568+0000] {processor.py:161} INFO - Started process (PID=457) to work on /opt/airflow/dags/f1_pipeline_dag.py
[2026-04-25T23:44:59.648+0000] {processor.py:830} INFO - Processing file /opt/airflow/dags/f1_pipeline_dag.py for tasks to queue
[2026-04-25T23:44:59.737+0000] {logging_mixin.py:188} INFO - [2026-04-25T23:44:59.680+0000] {dagbag.py:538} INFO - Filling up the DagBag from /opt/airflow/dags/f1_pipeline_dag.py
[2026-04-25T23:45:02.721+0000] {processor.py:840} INFO - DAG(s) 'f1_bigdata_pipeline' retrieved from /opt/airflow/dags/f1_pipeline_dag.py
[2026-04-25T23:45:05.644+0000] {logging_mixin.py:188} INFO - [2026-04-25T23:45:05.634+0000] {dag.py:3036} INFO - Sync 1 DAGs
[2026-04-25T23:45:06.060+0000] {logging_mixin.py:188} INFO - [2026-04-25T23:45:06.054+0000] {dag.py:3823} INFO - Setting next_dagrun for f1_bigdata_pipeline to 2026-04-20 06:00:00+00:00, run_after=2026-04-27 06:00:00+00:00
[2026-04-25T23:45:06.266+0000] {processor.py:183} INFO - Processing /opt/airflow/dags/f1_pipeline_dag.py took 6.795 seconds
[2026-04-25T23:45:40.195+0000] {processor.py:161} INFO - Started process (PID=462) to work on /opt/airflow/dags/f1_pipeline_dag.py
[2026-04-25T23:45:40.250+0000] {processor.py:830} INFO - Processing file /opt/airflow/dags/f1_pipeline_dag.py for tasks to queue
[2026-04-25T23:45:40.302+0000] {logging_mixin.py:188} INFO - [2026-04-25T23:45:40.281+0000] {dagbag.py:538} INFO - Filling up the DagBag from /opt/airflow/dags/f1_pipeline_dag.py
[2026-04-25T23:45:41.386+0000] {processor.py:840} INFO - DAG(s) 'f1_bigdata_pipeline' retrieved from /opt/airflow/dags/f1_pipeline_dag.py
[2026-04-25T23:45:42.593+0000] {logging_mixin.py:188} INFO - [2026-04-25T23:45:42.589+0000] {dag.py:3036} INFO - Sync 1 DAGs
[2026-04-25T23:45:43.006+0000] {logging_mixin.py:188} INFO - [2026-04-25T23:45:43.005+0000] {dag.py:3823} INFO - Setting next_dagrun for f1_bigdata_pipeline to 2026-04-20 06:00:00+00:00, run_after=2026-04-27 06:00:00+00:00
[2026-04-25T23:45:43.252+0000] {processor.py:183} INFO - Processing /opt/airflow/dags/f1_pipeline_dag.py took 3.697 seconds
[2026-04-25T23:46:15.187+0000] {processor.py:161} INFO - Started process (PID=467) to work on /opt/airflow/dags/f1_pipeline_dag.py
[2026-04-25T23:46:15.215+0000] {processor.py:830} INFO - Processing file /opt/airflow/dags/f1_pipeline_dag.py for tasks to queue
[2026-04-25T23:46:15.301+0000] {logging_mixin.py:188} INFO - [2026-04-25T23:46:15.267+0000] {dagbag.py:538} INFO - Filling up the DagBag from /opt/airflow/dags/f1_pipeline_dag.py
[2026-04-25T23:46:16.156+0000] {processor.py:840} INFO - DAG(s) 'f1_bigdata_pipeline' retrieved from /opt/airflow/dags/f1_pipeline_dag.py
[2026-04-25T23:46:17.156+0000] {logging_mixin.py:188} INFO - [2026-04-25T23:46:17.151+0000] {dag.py:3036} INFO - Sync 1 DAGs
[2026-04-25T23:46:17.830+0000] {logging_mixin.py:188} INFO - [2026-04-25T23:46:17.825+0000] {dag.py:3823} INFO - Setting next_dagrun for f1_bigdata_pipeline to 2026-04-20 06:00:00+00:00, run_after=2026-04-27 06:00:00+00:00
[2026-04-25T23:46:17.993+0000] {processor.py:183} INFO - Processing /opt/airflow/dags/f1_pipeline_dag.py took 2.991 seconds
[2026-04-25T23:46:49.058+0000] {processor.py:161} INFO - Started process (PID=473) to work on /opt/airflow/dags/f1_pipeline_dag.py
[2026-04-25T23:46:49.066+0000] {processor.py:830} INFO - Processing file /opt/airflow/dags/f1_pipeline_dag.py for tasks to queue
[2026-04-25T23:46:49.075+0000] {logging_mixin.py:188} INFO - [2026-04-25T23:46:49.071+0000] {dagbag.py:538} INFO - Filling up the DagBag from /opt/airflow/dags/f1_pipeline_dag.py
[2026-04-25T23:46:49.182+0000] {processor.py:840} INFO - DAG(s) 'f1_bigdata_pipeline' retrieved from /opt/airflow/dags/f1_pipeline_dag.py
[2026-04-25T23:46:49.481+0000] {logging_mixin.py:188} INFO - [2026-04-25T23:46:49.480+0000] {dag.py:3036} INFO - Sync 1 DAGs
[2026-04-25T23:46:49.570+0000] {logging_mixin.py:188} INFO - [2026-04-25T23:46:49.569+0000] {dag.py:3823} INFO - Setting next_dagrun for f1_bigdata_pipeline to 2026-04-20 06:00:00+00:00, run_after=2026-04-27 06:00:00+00:00
[2026-04-25T23:46:49.609+0000] {processor.py:183} INFO - Processing /opt/airflow/dags/f1_pipeline_dag.py took 0.583 seconds
[2026-04-25T23:47:20.013+0000] {processor.py:161} INFO - Started process (PID=521) to work on /opt/airflow/dags/f1_pipeline_dag.py
[2026-04-25T23:47:20.018+0000] {processor.py:830} INFO - Processing file /opt/airflow/dags/f1_pipeline_dag.py for tasks to queue
[2026-04-25T23:47:20.022+0000] {logging_mixin.py:188} INFO - [2026-04-25T23:47:20.020+0000] {dagbag.py:538} INFO - Filling up the DagBag from /opt/airflow/dags/f1_pipeline_dag.py
[2026-04-25T23:47:20.062+0000] {processor.py:840} INFO - DAG(s) 'f1_bigdata_pipeline' retrieved from /opt/airflow/dags/f1_pipeline_dag.py
[2026-04-25T23:47:20.151+0000] {logging_mixin.py:188} INFO - [2026-04-25T23:47:20.150+0000] {dag.py:3036} INFO - Sync 1 DAGs
[2026-04-25T23:47:20.182+0000] {logging_mixin.py:188} INFO - [2026-04-25T23:47:20.182+0000] {dag.py:3823} INFO - Setting next_dagrun for f1_bigdata_pipeline to 2026-04-20 06:00:00+00:00, run_after=2026-04-27 06:00:00+00:00
[2026-04-25T23:47:20.203+0000] {processor.py:183} INFO - Processing /opt/airflow/dags/f1_pipeline_dag.py took 0.209 seconds
[2026-04-25T23:47:50.428+0000] {processor.py:161} INFO - Started process (PID=669) to work on /opt/airflow/dags/f1_pipeline_dag.py
[2026-04-25T23:47:50.430+0000] {processor.py:830} INFO - Processing file /opt/airflow/dags/f1_pipeline_dag.py for tasks to queue
[2026-04-25T23:47:50.431+0000] {logging_mixin.py:188} INFO - [2026-04-25T23:47:50.430+0000] {dagbag.py:538} INFO - Filling up the DagBag from /opt/airflow/dags/f1_pipeline_dag.py
[2026-04-25T23:47:50.462+0000] {processor.py:840} INFO - DAG(s) 'f1_bigdata_pipeline' retrieved from /opt/airflow/dags/f1_pipeline_dag.py
[2026-04-25T23:47:50.499+0000] {logging_mixin.py:188} INFO - [2026-04-25T23:47:50.499+0000] {dag.py:3036} INFO - Sync 1 DAGs
[2026-04-25T23:47:50.532+0000] {logging_mixin.py:188} INFO - [2026-04-25T23:47:50.531+0000] {dag.py:3823} INFO - Setting next_dagrun for f1_bigdata_pipeline to 2026-04-20 06:00:00+00:00, run_after=2026-04-27 06:00:00+00:00
[2026-04-25T23:47:50.542+0000] {processor.py:183} INFO - Processing /opt/airflow/dags/f1_pipeline_dag.py took 0.119 seconds
[2026-04-25T23:48:20.887+0000] {processor.py:161} INFO - Started process (PID=753) to work on /opt/airflow/dags/f1_pipeline_dag.py
[2026-04-25T23:48:20.889+0000] {processor.py:830} INFO - Processing file /opt/airflow/dags/f1_pipeline_dag.py for tasks to queue
[2026-04-25T23:48:20.891+0000] {logging_mixin.py:188} INFO - [2026-04-25T23:48:20.890+0000] {dagbag.py:538} INFO - Filling up the DagBag from /opt/airflow/dags/f1_pipeline_dag.py
[2026-04-25T23:48:20.911+0000] {processor.py:840} INFO - DAG(s) 'f1_bigdata_pipeline' retrieved from /opt/airflow/dags/f1_pipeline_dag.py
[2026-04-25T23:48:20.954+0000] {logging_mixin.py:188} INFO - [2026-04-25T23:48:20.954+0000] {dag.py:3036} INFO - Sync 1 DAGs
[2026-04-25T23:48:20.981+0000] {logging_mixin.py:188} INFO - [2026-04-25T23:48:20.980+0000] {dag.py:3823} INFO - Setting next_dagrun for f1_bigdata_pipeline to 2026-04-20 06:00:00+00:00, run_after=2026-04-27 06:00:00+00:00
[2026-04-25T23:48:20.993+0000] {processor.py:183} INFO - Processing /opt/airflow/dags/f1_pipeline_dag.py took 0.124 seconds
[2026-04-25T23:48:51.250+0000] {processor.py:161} INFO - Started process (PID=758) to work on /opt/airflow/dags/f1_pipeline_dag.py
[2026-04-25T23:48:51.251+0000] {processor.py:830} INFO - Processing file /opt/airflow/dags/f1_pipeline_dag.py for tasks to queue
[2026-04-25T23:48:51.252+0000] {logging_mixin.py:188} INFO - [2026-04-25T23:48:51.252+0000] {dagbag.py:538} INFO - Filling up the DagBag from /opt/airflow/dags/f1_pipeline_dag.py
[2026-04-25T23:48:51.276+0000] {processor.py:840} INFO - DAG(s) 'f1_bigdata_pipeline' retrieved from /opt/airflow/dags/f1_pipeline_dag.py
[2026-04-25T23:48:51.339+0000] {logging_mixin.py:188} INFO - [2026-04-25T23:48:51.338+0000] {dag.py:3036} INFO - Sync 1 DAGs
[2026-04-25T23:48:51.369+0000] {logging_mixin.py:188} INFO - [2026-04-25T23:48:51.368+0000] {dag.py:3823} INFO - Setting next_dagrun for f1_bigdata_pipeline to 2026-04-20 06:00:00+00:00, run_after=2026-04-27 06:00:00+00:00
[2026-04-25T23:48:51.385+0000] {processor.py:183} INFO - Processing /opt/airflow/dags/f1_pipeline_dag.py took 0.138 seconds
[2026-04-25T23:49:21.589+0000] {processor.py:161} INFO - Started process (PID=763) to work on /opt/airflow/dags/f1_pipeline_dag.py
[2026-04-25T23:49:21.591+0000] {processor.py:830} INFO - Processing file /opt/airflow/dags/f1_pipeline_dag.py for tasks to queue
[2026-04-25T23:49:21.592+0000] {logging_mixin.py:188} INFO - [2026-04-25T23:49:21.591+0000] {dagbag.py:538} INFO - Filling up the DagBag from /opt/airflow/dags/f1_pipeline_dag.py
[2026-04-25T23:49:21.612+0000] {processor.py:840} INFO - DAG(s) 'f1_bigdata_pipeline' retrieved from /opt/airflow/dags/f1_pipeline_dag.py
[2026-04-25T23:49:21.654+0000] {logging_mixin.py:188} INFO - [2026-04-25T23:49:21.654+0000] {dag.py:3036} INFO - Sync 1 DAGs
[2026-04-25T23:49:21.676+0000] {logging_mixin.py:188} INFO - [2026-04-25T23:49:21.676+0000] {dag.py:3823} INFO - Setting next_dagrun for f1_bigdata_pipeline to 2026-04-20 06:00:00+00:00, run_after=2026-04-27 06:00:00+00:00
[2026-04-25T23:49:21.691+0000] {processor.py:183} INFO - Processing /opt/airflow/dags/f1_pipeline_dag.py took 0.108 seconds
[2026-04-25T23:49:51.902+0000] {processor.py:161} INFO - Started process (PID=768) to work on /opt/airflow/dags/f1_pipeline_dag.py
[2026-04-25T23:49:51.903+0000] {processor.py:830} INFO - Processing file /opt/airflow/dags/f1_pipeline_dag.py for tasks to queue
[2026-04-25T23:49:51.904+0000] {logging_mixin.py:188} INFO - [2026-04-25T23:49:51.904+0000] {dagbag.py:538} INFO - Filling up the DagBag from /opt/airflow/dags/f1_pipeline_dag.py
[2026-04-25T23:49:51.922+0000] {processor.py:840} INFO - DAG(s) 'f1_bigdata_pipeline' retrieved from /opt/airflow/dags/f1_pipeline_dag.py
[2026-04-25T23:49:51.953+0000] {logging_mixin.py:188} INFO - [2026-04-25T23:49:51.953+0000] {dag.py:3036} INFO - Sync 1 DAGs
[2026-04-25T23:49:51.987+0000] {logging_mixin.py:188} INFO - [2026-04-25T23:49:51.987+0000] {dag.py:3823} INFO - Setting next_dagrun for f1_bigdata_pipeline to 2026-04-20 06:00:00+00:00, run_after=2026-04-27 06:00:00+00:00
[2026-04-25T23:49:51.999+0000] {processor.py:183} INFO - Processing /opt/airflow/dags/f1_pipeline_dag.py took 0.100 seconds
[2026-04-25T23:50:22.207+0000] {processor.py:161} INFO - Started process (PID=773) to work on /opt/airflow/dags/f1_pipeline_dag.py
[2026-04-25T23:50:22.209+0000] {processor.py:830} INFO - Processing file /opt/airflow/dags/f1_pipeline_dag.py for tasks to queue
[2026-04-25T23:50:22.210+0000] {logging_mixin.py:188} INFO - [2026-04-25T23:50:22.209+0000] {dagbag.py:538} INFO - Filling up the DagBag from /opt/airflow/dags/f1_pipeline_dag.py
[2026-04-25T23:50:22.229+0000] {processor.py:840} INFO - DAG(s) 'f1_bigdata_pipeline' retrieved from /opt/airflow/dags/f1_pipeline_dag.py
[2026-04-25T23:50:22.272+0000] {logging_mixin.py:188} INFO - [2026-04-25T23:50:22.272+0000] {dag.py:3036} INFO - Sync 1 DAGs
[2026-04-25T23:50:22.290+0000] {logging_mixin.py:188} INFO - [2026-04-25T23:50:22.290+0000] {dag.py:3823} INFO - Setting next_dagrun for f1_bigdata_pipeline to 2026-04-20 06:00:00+00:00, run_after=2026-04-27 06:00:00+00:00
[2026-04-25T23:50:22.300+0000] {processor.py:183} INFO - Processing /opt/airflow/dags/f1_pipeline_dag.py took 0.097 seconds
[2026-04-25T23:50:52.522+0000] {processor.py:161} INFO - Started process (PID=778) to work on /opt/airflow/dags/f1_pipeline_dag.py
[2026-04-25T23:50:52.524+0000] {processor.py:830} INFO - Processing file /opt/airflow/dags/f1_pipeline_dag.py for tasks to queue
[2026-04-25T23:50:52.525+0000] {logging_mixin.py:188} INFO - [2026-04-25T23:50:52.524+0000] {dagbag.py:538} INFO - Filling up the DagBag from /opt/airflow/dags/f1_pipeline_dag.py
[2026-04-25T23:50:52.552+0000] {processor.py:840} INFO - DAG(s) 'f1_bigdata_pipeline' retrieved from /opt/airflow/dags/f1_pipeline_dag.py
[2026-04-25T23:50:52.595+0000] {logging_mixin.py:188} INFO - [2026-04-25T23:50:52.595+0000] {dag.py:3036} INFO - Sync 1 DAGs
[2026-04-25T23:50:52.612+0000] {logging_mixin.py:188} INFO - [2026-04-25T23:50:52.611+0000] {dag.py:3823} INFO - Setting next_dagrun for f1_bigdata_pipeline to 2026-04-20 06:00:00+00:00, run_after=2026-04-27 06:00:00+00:00
[2026-04-25T23:50:52.622+0000] {processor.py:183} INFO - Processing /opt/airflow/dags/f1_pipeline_dag.py took 0.102 seconds
[2026-04-25T23:51:22.878+0000] {processor.py:161} INFO - Started process (PID=783) to work on /opt/airflow/dags/f1_pipeline_dag.py
[2026-04-25T23:51:22.879+0000] {processor.py:830} INFO - Processing file /opt/airflow/dags/f1_pipeline_dag.py for tasks to queue
[2026-04-25T23:51:22.880+0000] {logging_mixin.py:188} INFO - [2026-04-25T23:51:22.879+0000] {dagbag.py:538} INFO - Filling up the DagBag from /opt/airflow/dags/f1_pipeline_dag.py
[2026-04-25T23:51:22.897+0000] {processor.py:840} INFO - DAG(s) 'f1_bigdata_pipeline' retrieved from /opt/airflow/dags/f1_pipeline_dag.py
[2026-04-25T23:51:22.940+0000] {logging_mixin.py:188} INFO - [2026-04-25T23:51:22.940+0000] {dag.py:3036} INFO - Sync 1 DAGs
[2026-04-25T23:51:22.962+0000] {logging_mixin.py:188} INFO - [2026-04-25T23:51:22.961+0000] {dag.py:3823} INFO - Setting next_dagrun for f1_bigdata_pipeline to 2026-04-20 06:00:00+00:00, run_after=2026-04-27 06:00:00+00:00
[2026-04-25T23:51:22.972+0000] {processor.py:183} INFO - Processing /opt/airflow/dags/f1_pipeline_dag.py took 0.098 seconds
[2026-04-25T23:51:53.146+0000] {processor.py:161} INFO - Started process (PID=788) to work on /opt/airflow/dags/f1_pipeline_dag.py
[2026-04-25T23:51:53.147+0000] {processor.py:830} INFO - Processing file /opt/airflow/dags/f1_pipeline_dag.py for tasks to queue
[2026-04-25T23:51:53.148+0000] {logging_mixin.py:188} INFO - [2026-04-25T23:51:53.148+0000] {dagbag.py:538} INFO - Filling up the DagBag from /opt/airflow/dags/f1_pipeline_dag.py
[2026-04-25T23:51:53.174+0000] {processor.py:840} INFO - DAG(s) 'f1_bigdata_pipeline' retrieved from /opt/airflow/dags/f1_pipeline_dag.py
[2026-04-25T23:51:53.227+0000] {logging_mixin.py:188} INFO - [2026-04-25T23:51:53.226+0000] {dag.py:3036} INFO - Sync 1 DAGs
[2026-04-25T23:51:53.246+0000] {logging_mixin.py:188} INFO - [2026-04-25T23:51:53.246+0000] {dag.py:3823} INFO - Setting next_dagrun for f1_bigdata_pipeline to 2026-04-20 06:00:00+00:00, run_after=2026-04-27 06:00:00+00:00
[2026-04-25T23:51:53.258+0000] {processor.py:183} INFO - Processing /opt/airflow/dags/f1_pipeline_dag.py took 0.116 seconds
[2026-04-25T23:52:23.592+0000] {processor.py:161} INFO - Started process (PID=793) to work on /opt/airflow/dags/f1_pipeline_dag.py
[2026-04-25T23:52:23.594+0000] {processor.py:830} INFO - Processing file /opt/airflow/dags/f1_pipeline_dag.py for tasks to queue
[2026-04-25T23:52:23.595+0000] {logging_mixin.py:188} INFO - [2026-04-25T23:52:23.595+0000] {dagbag.py:538} INFO - Filling up the DagBag from /opt/airflow/dags/f1_pipeline_dag.py
[2026-04-25T23:52:23.611+0000] {processor.py:840} INFO - DAG(s) 'f1_bigdata_pipeline' retrieved from /opt/airflow/dags/f1_pipeline_dag.py
[2026-04-25T23:52:23.643+0000] {logging_mixin.py:188} INFO - [2026-04-25T23:52:23.643+0000] {dag.py:3036} INFO - Sync 1 DAGs
[2026-04-25T23:52:23.698+0000] {logging_mixin.py:188} INFO - [2026-04-25T23:52:23.698+0000] {dag.py:3823} INFO - Setting next_dagrun for f1_bigdata_pipeline to 2026-04-20 06:00:00+00:00, run_after=2026-04-27 06:00:00+00:00
[2026-04-25T23:52:23.723+0000] {processor.py:183} INFO - Processing /opt/airflow/dags/f1_pipeline_dag.py took 0.140 seconds
[2026-04-25T23:52:53.822+0000] {processor.py:161} INFO - Started process (PID=798) to work on /opt/airflow/dags/f1_pipeline_dag.py
[2026-04-25T23:52:53.823+0000] {processor.py:830} INFO - Processing file /opt/airflow/dags/f1_pipeline_dag.py for tasks to queue
[2026-04-25T23:52:53.824+0000] {logging_mixin.py:188} INFO - [2026-04-25T23:52:53.824+0000] {dagbag.py:538} INFO - Filling up the DagBag from /opt/airflow/dags/f1_pipeline_dag.py
[2026-04-25T23:52:53.851+0000] {processor.py:840} INFO - DAG(s) 'f1_bigdata_pipeline' retrieved from /opt/airflow/dags/f1_pipeline_dag.py
[2026-04-25T23:52:53.887+0000] {logging_mixin.py:188} INFO - [2026-04-25T23:52:53.887+0000] {dag.py:3036} INFO - Sync 1 DAGs
[2026-04-25T23:52:53.906+0000] {logging_mixin.py:188} INFO - [2026-04-25T23:52:53.906+0000] {dag.py:3823} INFO - Setting next_dagrun for f1_bigdata_pipeline to 2026-04-20 06:00:00+00:00, run_after=2026-04-27 06:00:00+00:00
[2026-04-25T23:52:53.921+0000] {processor.py:183} INFO - Processing /opt/airflow/dags/f1_pipeline_dag.py took 0.103 seconds
[2026-04-25T23:53:24.175+0000] {processor.py:161} INFO - Started process (PID=803) to work on /opt/airflow/dags/f1_pipeline_dag.py
[2026-04-25T23:53:24.177+0000] {processor.py:830} INFO - Processing file /opt/airflow/dags/f1_pipeline_dag.py for tasks to queue
[2026-04-25T23:53:24.182+0000] {logging_mixin.py:188} INFO - [2026-04-25T23:53:24.180+0000] {dagbag.py:538} INFO - Filling up the DagBag from /opt/airflow/dags/f1_pipeline_dag.py
[2026-04-25T23:53:24.202+0000] {processor.py:840} INFO - DAG(s) 'f1_bigdata_pipeline' retrieved from /opt/airflow/dags/f1_pipeline_dag.py
[2026-04-25T23:53:24.232+0000] {logging_mixin.py:188} INFO - [2026-04-25T23:53:24.232+0000] {dag.py:3036} INFO - Sync 1 DAGs
[2026-04-25T23:53:24.264+0000] {logging_mixin.py:188} INFO - [2026-04-25T23:53:24.263+0000] {dag.py:3823} INFO - Setting next_dagrun for f1_bigdata_pipeline to 2026-04-20 06:00:00+00:00, run_after=2026-04-27 06:00:00+00:00
[2026-04-25T23:53:24.275+0000] {processor.py:183} INFO - Processing /opt/airflow/dags/f1_pipeline_dag.py took 0.103 seconds
[2026-04-25T23:53:54.407+0000] {processor.py:161} INFO - Started process (PID=808) to work on /opt/airflow/dags/f1_pipeline_dag.py
[2026-04-25T23:53:54.408+0000] {processor.py:830} INFO - Processing file /opt/airflow/dags/f1_pipeline_dag.py for tasks to queue
[2026-04-25T23:53:54.409+0000] {logging_mixin.py:188} INFO - [2026-04-25T23:53:54.409+0000] {dagbag.py:538} INFO - Filling up the DagBag from /opt/airflow/dags/f1_pipeline_dag.py
[2026-04-25T23:53:54.426+0000] {processor.py:840} INFO - DAG(s) 'f1_bigdata_pipeline' retrieved from /opt/airflow/dags/f1_pipeline_dag.py
[2026-04-25T23:53:54.456+0000] {logging_mixin.py:188} INFO - [2026-04-25T23:53:54.456+0000] {dag.py:3036} INFO - Sync 1 DAGs
[2026-04-25T23:53:54.475+0000] {logging_mixin.py:188} INFO - [2026-04-25T23:53:54.475+0000] {dag.py:3823} INFO - Setting next_dagrun for f1_bigdata_pipeline to 2026-04-20 06:00:00+00:00, run_after=2026-04-27 06:00:00+00:00
[2026-04-25T23:53:54.484+0000] {processor.py:183} INFO - Processing /opt/airflow/dags/f1_pipeline_dag.py took 0.083 seconds
[2026-04-25T23:54:24.762+0000] {processor.py:161} INFO - Started process (PID=813) to work on /opt/airflow/dags/f1_pipeline_dag.py
[2026-04-25T23:54:24.763+0000] {processor.py:830} INFO - Processing file /opt/airflow/dags/f1_pipeline_dag.py for tasks to queue
[2026-04-25T23:54:24.764+0000] {logging_mixin.py:188} INFO - [2026-04-25T23:54:24.763+0000] {dagbag.py:538} INFO - Filling up the DagBag from /opt/airflow/dags/f1_pipeline_dag.py
[2026-04-25T23:54:24.779+0000] {processor.py:840} INFO - DAG(s) 'f1_bigdata_pipeline' retrieved from /opt/airflow/dags/f1_pipeline_dag.py
[2026-04-25T23:54:24.826+0000] {logging_mixin.py:188} INFO - [2026-04-25T23:54:24.826+0000] {dag.py:3036} INFO - Sync 1 DAGs
[2026-04-25T23:54:24.844+0000] {logging_mixin.py:188} INFO - [2026-04-25T23:54:24.844+0000] {dag.py:3823} INFO - Setting next_dagrun for f1_bigdata_pipeline to 2026-04-20 06:00:00+00:00, run_after=2026-04-27 06:00:00+00:00
[2026-04-25T23:54:24.879+0000] {processor.py:183} INFO - Processing /opt/airflow/dags/f1_pipeline_dag.py took 0.121 seconds
[2026-04-25T23:54:55.063+0000] {processor.py:161} INFO - Started process (PID=818) to work on /opt/airflow/dags/f1_pipeline_dag.py
[2026-04-25T23:54:55.067+0000] {processor.py:830} INFO - Processing file /opt/airflow/dags/f1_pipeline_dag.py for tasks to queue
[2026-04-25T23:54:55.069+0000] {logging_mixin.py:188} INFO - [2026-04-25T23:54:55.068+0000] {dagbag.py:538} INFO - Filling up the DagBag from /opt/airflow/dags/f1_pipeline_dag.py
[2026-04-25T23:54:55.090+0000] {processor.py:840} INFO - DAG(s) 'f1_bigdata_pipeline' retrieved from /opt/airflow/dags/f1_pipeline_dag.py
[2026-04-25T23:54:55.119+0000] {logging_mixin.py:188} INFO - [2026-04-25T23:54:55.119+0000] {dag.py:3036} INFO - Sync 1 DAGs
[2026-04-25T23:54:55.145+0000] {logging_mixin.py:188} INFO - [2026-04-25T23:54:55.145+0000] {dag.py:3823} INFO - Setting next_dagrun for f1_bigdata_pipeline to 2026-04-20 06:00:00+00:00, run_after=2026-04-27 06:00:00+00:00
[2026-04-25T23:54:55.156+0000] {processor.py:183} INFO - Processing /opt/airflow/dags/f1_pipeline_dag.py took 0.098 seconds
[2026-04-25T23:55:25.353+0000] {processor.py:161} INFO - Started process (PID=823) to work on /opt/airflow/dags/f1_pipeline_dag.py
[2026-04-25T23:55:25.356+0000] {processor.py:830} INFO - Processing file /opt/airflow/dags/f1_pipeline_dag.py for tasks to queue
[2026-04-25T23:55:25.362+0000] {logging_mixin.py:188} INFO - [2026-04-25T23:55:25.358+0000] {dagbag.py:538} INFO - Filling up the DagBag from /opt/airflow/dags/f1_pipeline_dag.py
[2026-04-25T23:55:25.381+0000] {processor.py:840} INFO - DAG(s) 'f1_bigdata_pipeline' retrieved from /opt/airflow/dags/f1_pipeline_dag.py
[2026-04-25T23:55:25.413+0000] {logging_mixin.py:188} INFO - [2026-04-25T23:55:25.413+0000] {dag.py:3036} INFO - Sync 1 DAGs
[2026-04-25T23:55:25.431+0000] {logging_mixin.py:188} INFO - [2026-04-25T23:55:25.430+0000] {dag.py:3823} INFO - Setting next_dagrun for f1_bigdata_pipeline to 2026-04-20 06:00:00+00:00, run_after=2026-04-27 06:00:00+00:00
[2026-04-25T23:55:25.441+0000] {processor.py:183} INFO - Processing /opt/airflow/dags/f1_pipeline_dag.py took 0.090 seconds
[2026-04-25T23:55:55.629+0000] {processor.py:161} INFO - Started process (PID=828) to work on /opt/airflow/dags/f1_pipeline_dag.py
[2026-04-25T23:55:55.632+0000] {processor.py:830} INFO - Processing file /opt/airflow/dags/f1_pipeline_dag.py for tasks to queue
[2026-04-25T23:55:55.634+0000] {logging_mixin.py:188} INFO - [2026-04-25T23:55:55.634+0000] {dagbag.py:538} INFO - Filling up the DagBag from /opt/airflow/dags/f1_pipeline_dag.py
[2026-04-25T23:55:55.655+0000] {processor.py:840} INFO - DAG(s) 'f1_bigdata_pipeline' retrieved from /opt/airflow/dags/f1_pipeline_dag.py
[2026-04-25T23:55:55.690+0000] {logging_mixin.py:188} INFO - [2026-04-25T23:55:55.690+0000] {dag.py:3036} INFO - Sync 1 DAGs
[2026-04-25T23:55:55.706+0000] {logging_mixin.py:188} INFO - [2026-04-25T23:55:55.706+0000] {dag.py:3823} INFO - Setting next_dagrun for f1_bigdata_pipeline to 2026-04-20 06:00:00+00:00, run_after=2026-04-27 06:00:00+00:00
[2026-04-25T23:55:55.715+0000] {processor.py:183} INFO - Processing /opt/airflow/dags/f1_pipeline_dag.py took 0.091 seconds
[2026-04-25T23:56:25.890+0000] {processor.py:161} INFO - Started process (PID=833) to work on /opt/airflow/dags/f1_pipeline_dag.py
[2026-04-25T23:56:25.891+0000] {processor.py:830} INFO - Processing file /opt/airflow/dags/f1_pipeline_dag.py for tasks to queue
[2026-04-25T23:56:25.892+0000] {logging_mixin.py:188} INFO - [2026-04-25T23:56:25.892+0000] {dagbag.py:538} INFO - Filling up the DagBag from /opt/airflow/dags/f1_pipeline_dag.py
[2026-04-25T23:56:25.908+0000] {processor.py:840} INFO - DAG(s) 'f1_bigdata_pipeline' retrieved from /opt/airflow/dags/f1_pipeline_dag.py
[2026-04-25T23:56:25.947+0000] {logging_mixin.py:188} INFO - [2026-04-25T23:56:25.947+0000] {dag.py:3036} INFO - Sync 1 DAGs
[2026-04-25T23:56:25.965+0000] {logging_mixin.py:188} INFO - [2026-04-25T23:56:25.965+0000] {dag.py:3823} INFO - Setting next_dagrun for f1_bigdata_pipeline to 2026-04-20 06:00:00+00:00, run_after=2026-04-27 06:00:00+00:00
[2026-04-25T23:56:25.976+0000] {processor.py:183} INFO - Processing /opt/airflow/dags/f1_pipeline_dag.py took 0.090 seconds
[2026-04-25T23:56:56.184+0000] {processor.py:161} INFO - Started process (PID=838) to work on /opt/airflow/dags/f1_pipeline_dag.py
[2026-04-25T23:56:56.185+0000] {processor.py:830} INFO - Processing file /opt/airflow/dags/f1_pipeline_dag.py for tasks to queue
[2026-04-25T23:56:56.186+0000] {logging_mixin.py:188} INFO - [2026-04-25T23:56:56.185+0000] {dagbag.py:538} INFO - Filling up the DagBag from /opt/airflow/dags/f1_pipeline_dag.py
[2026-04-25T23:56:56.201+0000] {processor.py:840} INFO - DAG(s) 'f1_bigdata_pipeline' retrieved from /opt/airflow/dags/f1_pipeline_dag.py
[2026-04-25T23:56:56.230+0000] {logging_mixin.py:188} INFO - [2026-04-25T23:56:56.230+0000] {dag.py:3036} INFO - Sync 1 DAGs
[2026-04-25T23:56:56.246+0000] {logging_mixin.py:188} INFO - [2026-04-25T23:56:56.246+0000] {dag.py:3823} INFO - Setting next_dagrun for f1_bigdata_pipeline to 2026-04-20 06:00:00+00:00, run_after=2026-04-27 06:00:00+00:00
[2026-04-25T23:56:56.282+0000] {processor.py:183} INFO - Processing /opt/airflow/dags/f1_pipeline_dag.py took 0.102 seconds
[2026-04-25T23:57:26.448+0000] {processor.py:161} INFO - Started process (PID=843) to work on /opt/airflow/dags/f1_pipeline_dag.py
[2026-04-25T23:57:26.449+0000] {processor.py:830} INFO - Processing file /opt/airflow/dags/f1_pipeline_dag.py for tasks to queue
[2026-04-25T23:57:26.450+0000] {logging_mixin.py:188} INFO - [2026-04-25T23:57:26.450+0000] {dagbag.py:538} INFO - Filling up the DagBag from /opt/airflow/dags/f1_pipeline_dag.py
[2026-04-25T23:57:26.481+0000] {processor.py:840} INFO - DAG(s) 'f1_bigdata_pipeline' retrieved from /opt/airflow/dags/f1_pipeline_dag.py
[2026-04-25T23:57:26.512+0000] {logging_mixin.py:188} INFO - [2026-04-25T23:57:26.512+0000] {dag.py:3036} INFO - Sync 1 DAGs
[2026-04-25T23:57:26.530+0000] {logging_mixin.py:188} INFO - [2026-04-25T23:57:26.530+0000] {dag.py:3823} INFO - Setting next_dagrun for f1_bigdata_pipeline to 2026-04-20 06:00:00+00:00, run_after=2026-04-27 06:00:00+00:00
[2026-04-25T23:57:26.540+0000] {processor.py:183} INFO - Processing /opt/airflow/dags/f1_pipeline_dag.py took 0.095 seconds
[2026-04-25T23:57:56.763+0000] {processor.py:161} INFO - Started process (PID=848) to work on /opt/airflow/dags/f1_pipeline_dag.py
[2026-04-25T23:57:56.765+0000] {processor.py:830} INFO - Processing file /opt/airflow/dags/f1_pipeline_dag.py for tasks to queue
[2026-04-25T23:57:56.765+0000] {logging_mixin.py:188} INFO - [2026-04-25T23:57:56.765+0000] {dagbag.py:538} INFO - Filling up the DagBag from /opt/airflow/dags/f1_pipeline_dag.py
[2026-04-25T23:57:56.788+0000] {processor.py:840} INFO - DAG(s) 'f1_bigdata_pipeline' retrieved from /opt/airflow/dags/f1_pipeline_dag.py
[2026-04-25T23:57:56.827+0000] {logging_mixin.py:188} INFO - [2026-04-25T23:57:56.826+0000] {dag.py:3036} INFO - Sync 1 DAGs
[2026-04-25T23:57:56.843+0000] {logging_mixin.py:188} INFO - [2026-04-25T23:57:56.843+0000] {dag.py:3823} INFO - Setting next_dagrun for f1_bigdata_pipeline to 2026-04-20 06:00:00+00:00, run_after=2026-04-27 06:00:00+00:00
[2026-04-25T23:57:56.853+0000] {processor.py:183} INFO - Processing /opt/airflow/dags/f1_pipeline_dag.py took 0.092 seconds
[2026-04-25T23:58:26.994+0000] {processor.py:161} INFO - Started process (PID=853) to work on /opt/airflow/dags/f1_pipeline_dag.py
[2026-04-25T23:58:26.995+0000] {processor.py:830} INFO - Processing file /opt/airflow/dags/f1_pipeline_dag.py for tasks to queue
[2026-04-25T23:58:26.996+0000] {logging_mixin.py:188} INFO - [2026-04-25T23:58:26.996+0000] {dagbag.py:538} INFO - Filling up the DagBag from /opt/airflow/dags/f1_pipeline_dag.py
[2026-04-25T23:58:27.013+0000] {processor.py:840} INFO - DAG(s) 'f1_bigdata_pipeline' retrieved from /opt/airflow/dags/f1_pipeline_dag.py
[2026-04-25T23:58:27.044+0000] {logging_mixin.py:188} INFO - [2026-04-25T23:58:27.044+0000] {dag.py:3036} INFO - Sync 1 DAGs
[2026-04-25T23:58:27.062+0000] {logging_mixin.py:188} INFO - [2026-04-25T23:58:27.062+0000] {dag.py:3823} INFO - Setting next_dagrun for f1_bigdata_pipeline to 2026-04-20 06:00:00+00:00, run_after=2026-04-27 06:00:00+00:00
[2026-04-25T23:58:27.072+0000] {processor.py:183} INFO - Processing /opt/airflow/dags/f1_pipeline_dag.py took 0.082 seconds
[2026-04-25T23:58:57.284+0000] {processor.py:161} INFO - Started process (PID=858) to work on /opt/airflow/dags/f1_pipeline_dag.py
[2026-04-25T23:58:57.286+0000] {processor.py:830} INFO - Processing file /opt/airflow/dags/f1_pipeline_dag.py for tasks to queue
[2026-04-25T23:58:57.287+0000] {logging_mixin.py:188} INFO - [2026-04-25T23:58:57.286+0000] {dagbag.py:538} INFO - Filling up the DagBag from /opt/airflow/dags/f1_pipeline_dag.py
[2026-04-25T23:58:57.309+0000] {processor.py:840} INFO - DAG(s) 'f1_bigdata_pipeline' retrieved from /opt/airflow/dags/f1_pipeline_dag.py
[2026-04-25T23:58:57.341+0000] {logging_mixin.py:188} INFO - [2026-04-25T23:58:57.341+0000] {dag.py:3036} INFO - Sync 1 DAGs
[2026-04-25T23:58:57.358+0000] {logging_mixin.py:188} INFO - [2026-04-25T23:58:57.357+0000] {dag.py:3823} INFO - Setting next_dagrun for f1_bigdata_pipeline to 2026-04-20 06:00:00+00:00, run_after=2026-04-27 06:00:00+00:00
[2026-04-25T23:58:57.368+0000] {processor.py:183} INFO - Processing /opt/airflow/dags/f1_pipeline_dag.py took 0.088 seconds
[2026-04-25T23:59:27.534+0000] {processor.py:161} INFO - Started process (PID=863) to work on /opt/airflow/dags/f1_pipeline_dag.py
[2026-04-25T23:59:27.535+0000] {processor.py:830} INFO - Processing file /opt/airflow/dags/f1_pipeline_dag.py for tasks to queue
[2026-04-25T23:59:27.537+0000] {logging_mixin.py:188} INFO - [2026-04-25T23:59:27.536+0000] {dagbag.py:538} INFO - Filling up the DagBag from /opt/airflow/dags/f1_pipeline_dag.py
[2026-04-25T23:59:27.556+0000] {processor.py:840} INFO - DAG(s) 'f1_bigdata_pipeline' retrieved from /opt/airflow/dags/f1_pipeline_dag.py
[2026-04-25T23:59:27.592+0000] {logging_mixin.py:188} INFO - [2026-04-25T23:59:27.592+0000] {dag.py:3036} INFO - Sync 1 DAGs
[2026-04-25T23:59:27.604+0000] {logging_mixin.py:188} INFO - [2026-04-25T23:59:27.604+0000] {dag.py:3823} INFO - Setting next_dagrun for f1_bigdata_pipeline to 2026-04-20 06:00:00+00:00, run_after=2026-04-27 06:00:00+00:00
[2026-04-25T23:59:27.611+0000] {processor.py:183} INFO - Processing /opt/airflow/dags/f1_pipeline_dag.py took 0.081 seconds
[2026-04-25T23:59:57.814+0000] {processor.py:161} INFO - Started process (PID=868) to work on /opt/airflow/dags/f1_pipeline_dag.py
[2026-04-25T23:59:57.815+0000] {processor.py:830} INFO - Processing file /opt/airflow/dags/f1_pipeline_dag.py for tasks to queue
[2026-04-25T23:59:57.816+0000] {logging_mixin.py:188} INFO - [2026-04-25T23:59:57.816+0000] {dagbag.py:538} INFO - Filling up the DagBag from /opt/airflow/dags/f1_pipeline_dag.py
[2026-04-25T23:59:57.830+0000] {processor.py:840} INFO - DAG(s) 'f1_bigdata_pipeline' retrieved from /opt/airflow/dags/f1_pipeline_dag.py
[2026-04-25T23:59:57.861+0000] {logging_mixin.py:188} INFO - [2026-04-25T23:59:57.861+0000] {dag.py:3036} INFO - Sync 1 DAGs
[2026-04-25T23:59:57.883+0000] {logging_mixin.py:188} INFO - [2026-04-25T23:59:57.883+0000] {dag.py:3823} INFO - Setting next_dagrun for f1_bigdata_pipeline to 2026-04-20 06:00:00+00:00, run_after=2026-04-27 06:00:00+00:00
[2026-04-25T23:59:57.900+0000] {processor.py:183} INFO - Processing /opt/airflow/dags/f1_pipeline_dag.py took 0.090 seconds
